Start testing: Nov 30 15:02 CET
----------------------------------------------------------
1/127 Testing: array_utils_test
1/127 Test: array_utils_test
Command: "/home/jojo/BAMapping/third_party/ceres-bin/bin/array_utils_test" "--test_srcdir" "/home/jojo/BAMapping/third_party/ceres-solver-1.14.0/data"
Directory: /home/jojo/BAMapping/third_party/ceres-bin/internal/ceres
"array_utils_test" start time: Nov 30 15:02 CET
Output:
----------------------------------------------------------
Running main() from gmock_main.cc
[==========] Running 5 tests from 2 test cases.
[----------] Global test environment set-up.
[----------] 2 tests from ArrayUtils
[ RUN      ] ArrayUtils.IsArrayValid
[       OK ] ArrayUtils.IsArrayValid (0 ms)
[ RUN      ] ArrayUtils.FindInvalidIndex
[       OK ] ArrayUtils.FindInvalidIndex (0 ms)
[----------] 2 tests from ArrayUtils (0 ms total)

[----------] 3 tests from MapValuesToContiguousRange
[ RUN      ] MapValuesToContiguousRange.ContiguousEntries
[       OK ] MapValuesToContiguousRange.ContiguousEntries (0 ms)
[ RUN      ] MapValuesToContiguousRange.NonContiguousEntries
[       OK ] MapValuesToContiguousRange.NonContiguousEntries (0 ms)
[ RUN      ] MapValuesToContiguousRange.NonContiguousRepeatingEntries
[       OK ] MapValuesToContiguousRange.NonContiguousRepeatingEntries (0 ms)
[----------] 3 tests from MapValuesToContiguousRange (0 ms total)

[----------] Global test environment tear-down
[==========] 5 tests from 2 test cases ran. (0 ms total)
[  PASSED  ] 5 tests.
<end of output>
Test time =   0.01 sec
----------------------------------------------------------
Test Passed.
"array_utils_test" end time: Nov 30 15:02 CET
"array_utils_test" time elapsed: 00:00:00
----------------------------------------------------------

2/127 Testing: autodiff_test
2/127 Test: autodiff_test
Command: "/home/jojo/BAMapping/third_party/ceres-bin/bin/autodiff_test" "--test_srcdir" "/home/jojo/BAMapping/third_party/ceres-solver-1.14.0/data"
Directory: /home/jojo/BAMapping/third_party/ceres-bin/internal/ceres
"autodiff_test" start time: Nov 30 15:02 CET
Output:
----------------------------------------------------------
Running main() from gmock_main.cc
[==========] Running 5 tests from 1 test case.
[----------] Global test environment set-up.
[----------] 5 tests from AutoDiff
[ RUN      ] AutoDiff.ProjectiveCameraModel
[       OK ] AutoDiff.ProjectiveCameraModel (0 ms)
[ RUN      ] AutoDiff.Metric
[       OK ] AutoDiff.Metric (0 ms)
[ RUN      ] AutoDiff.VaryingNumberOfResidualsForOneCostFunctorType
[       OK ] AutoDiff.VaryingNumberOfResidualsForOneCostFunctorType (0 ms)
[ RUN      ] AutoDiff.VariadicAutoDiff
[       OK ] AutoDiff.VariadicAutoDiff (0 ms)
[ RUN      ] AutoDiff.AlignedAllocationTest
[       OK ] AutoDiff.AlignedAllocationTest (0 ms)
[----------] 5 tests from AutoDiff (0 ms total)

[----------] Global test environment tear-down
[==========] 5 tests from 1 test case ran. (0 ms total)
[  PASSED  ] 5 tests.
<end of output>
Test time =   0.01 sec
----------------------------------------------------------
Test Passed.
"autodiff_test" end time: Nov 30 15:02 CET
"autodiff_test" time elapsed: 00:00:00
----------------------------------------------------------

3/127 Testing: autodiff_cost_function_test
3/127 Test: autodiff_cost_function_test
Command: "/home/jojo/BAMapping/third_party/ceres-bin/bin/autodiff_cost_function_test" "--test_srcdir" "/home/jojo/BAMapping/third_party/ceres-solver-1.14.0/data"
Directory: /home/jojo/BAMapping/third_party/ceres-bin/internal/ceres
"autodiff_cost_function_test" start time: Nov 30 15:02 CET
Output:
----------------------------------------------------------
Running main() from gmock_main.cc
[==========] Running 3 tests from 2 test cases.
[----------] Global test environment set-up.
[----------] 2 tests from AutodiffCostFunction
[ RUN      ] AutodiffCostFunction.BilinearDifferentiationTest
[       OK ] AutodiffCostFunction.BilinearDifferentiationTest (0 ms)
[ RUN      ] AutodiffCostFunction.ManyParameterAutodiffInstantiates
[       OK ] AutodiffCostFunction.ManyParameterAutodiffInstantiates (0 ms)
[----------] 2 tests from AutodiffCostFunction (0 ms total)

[----------] 1 test from AutoDiffCostFunction
[ RUN      ] AutoDiffCostFunction.PartiallyFilledResidualShouldFailEvaluation
[       OK ] AutoDiffCostFunction.PartiallyFilledResidualShouldFailEvaluation (0 ms)
[----------] 1 test from AutoDiffCostFunction (0 ms total)

[----------] Global test environment tear-down
[==========] 3 tests from 2 test cases ran. (0 ms total)
[  PASSED  ] 3 tests.
<end of output>
Test time =   0.01 sec
----------------------------------------------------------
Test Passed.
"autodiff_cost_function_test" end time: Nov 30 15:02 CET
"autodiff_cost_function_test" time elapsed: 00:00:00
----------------------------------------------------------

4/127 Testing: autodiff_local_parameterization_test
4/127 Test: autodiff_local_parameterization_test
Command: "/home/jojo/BAMapping/third_party/ceres-bin/bin/autodiff_local_parameterization_test" "--test_srcdir" "/home/jojo/BAMapping/third_party/ceres-solver-1.14.0/data"
Directory: /home/jojo/BAMapping/third_party/ceres-bin/internal/ceres
"autodiff_local_parameterization_test" start time: Nov 30 15:02 CET
Output:
----------------------------------------------------------
Running main() from gmock_main.cc
[==========] Running 5 tests from 2 test cases.
[----------] Global test environment set-up.
[----------] 2 tests from AutoDiffLocalParameterizationTest
[ RUN      ] AutoDiffLocalParameterizationTest.IdentityParameterization
[       OK ] AutoDiffLocalParameterizationTest.IdentityParameterization (0 ms)
[ RUN      ] AutoDiffLocalParameterizationTest.ScaledParameterization
[       OK ] AutoDiffLocalParameterizationTest.ScaledParameterization (0 ms)
[----------] 2 tests from AutoDiffLocalParameterizationTest (0 ms total)

[----------] 3 tests from AutoDiffLocalParameterization
[ RUN      ] AutoDiffLocalParameterization.QuaternionParameterizationZeroTest
[       OK ] AutoDiffLocalParameterization.QuaternionParameterizationZeroTest (0 ms)
[ RUN      ] AutoDiffLocalParameterization.QuaternionParameterizationNearZeroTest
[       OK ] AutoDiffLocalParameterization.QuaternionParameterizationNearZeroTest (0 ms)
[ RUN      ] AutoDiffLocalParameterization.QuaternionParameterizationNonZeroTest
[       OK ] AutoDiffLocalParameterization.QuaternionParameterizationNonZeroTest (0 ms)
[----------] 3 tests from AutoDiffLocalParameterization (0 ms total)

[----------] Global test environment tear-down
[==========] 5 tests from 2 test cases ran. (0 ms total)
[  PASSED  ] 5 tests.
<end of output>
Test time =   0.01 sec
----------------------------------------------------------
Test Passed.
"autodiff_local_parameterization_test" end time: Nov 30 15:02 CET
"autodiff_local_parameterization_test" time elapsed: 00:00:00
----------------------------------------------------------

5/127 Testing: block_jacobi_preconditioner_test
5/127 Test: block_jacobi_preconditioner_test
Command: "/home/jojo/BAMapping/third_party/ceres-bin/bin/block_jacobi_preconditioner_test" "--test_srcdir" "/home/jojo/BAMapping/third_party/ceres-solver-1.14.0/data"
Directory: /home/jojo/BAMapping/third_party/ceres-bin/internal/ceres
"block_jacobi_preconditioner_test" start time: Nov 30 15:02 CET
Output:
----------------------------------------------------------
Running main() from gmock_main.cc
[==========] Running 2 tests from 1 test case.
[----------] Global test environment set-up.
[----------] 2 tests from BlockJacobiPreconditionerTest
[ RUN      ] BlockJacobiPreconditionerTest.SmallProblem
[       OK ] BlockJacobiPreconditionerTest.SmallProblem (0 ms)
[ RUN      ] BlockJacobiPreconditionerTest.LargeProblem
[       OK ] BlockJacobiPreconditionerTest.LargeProblem (0 ms)
[----------] 2 tests from BlockJacobiPreconditionerTest (0 ms total)

[----------] Global test environment tear-down
[==========] 2 tests from 1 test case ran. (0 ms total)
[  PASSED  ] 2 tests.
<end of output>
Test time =   0.01 sec
----------------------------------------------------------
Test Passed.
"block_jacobi_preconditioner_test" end time: Nov 30 15:02 CET
"block_jacobi_preconditioner_test" time elapsed: 00:00:00
----------------------------------------------------------

6/127 Testing: block_random_access_dense_matrix_test
6/127 Test: block_random_access_dense_matrix_test
Command: "/home/jojo/BAMapping/third_party/ceres-bin/bin/block_random_access_dense_matrix_test" "--test_srcdir" "/home/jojo/BAMapping/third_party/ceres-solver-1.14.0/data"
Directory: /home/jojo/BAMapping/third_party/ceres-bin/internal/ceres
"block_random_access_dense_matrix_test" start time: Nov 30 15:02 CET
Output:
----------------------------------------------------------
Running main() from gmock_main.cc
[==========] Running 2 tests from 1 test case.
[----------] Global test environment set-up.
[----------] 2 tests from BlockRandomAccessDenseMatrix
[ RUN      ] BlockRandomAccessDenseMatrix.GetCell
[       OK ] BlockRandomAccessDenseMatrix.GetCell (0 ms)
[ RUN      ] BlockRandomAccessDenseMatrix.WriteCell
[       OK ] BlockRandomAccessDenseMatrix.WriteCell (0 ms)
[----------] 2 tests from BlockRandomAccessDenseMatrix (0 ms total)

[----------] Global test environment tear-down
[==========] 2 tests from 1 test case ran. (0 ms total)
[  PASSED  ] 2 tests.
<end of output>
Test time =   0.00 sec
----------------------------------------------------------
Test Passed.
"block_random_access_dense_matrix_test" end time: Nov 30 15:02 CET
"block_random_access_dense_matrix_test" time elapsed: 00:00:00
----------------------------------------------------------

7/127 Testing: block_random_access_diagonal_matrix_test
7/127 Test: block_random_access_diagonal_matrix_test
Command: "/home/jojo/BAMapping/third_party/ceres-bin/bin/block_random_access_diagonal_matrix_test" "--test_srcdir" "/home/jojo/BAMapping/third_party/ceres-solver-1.14.0/data"
Directory: /home/jojo/BAMapping/third_party/ceres-bin/internal/ceres
"block_random_access_diagonal_matrix_test" start time: Nov 30 15:02 CET
Output:
----------------------------------------------------------
Running main() from gmock_main.cc
[==========] Running 3 tests from 1 test case.
[----------] Global test environment set-up.
[----------] 3 tests from BlockRandomAccessDiagonalMatrixTest
[ RUN      ] BlockRandomAccessDiagonalMatrixTest.MatrixContents
[       OK ] BlockRandomAccessDiagonalMatrixTest.MatrixContents (0 ms)
[ RUN      ] BlockRandomAccessDiagonalMatrixTest.RightMultiply
[       OK ] BlockRandomAccessDiagonalMatrixTest.RightMultiply (0 ms)
[ RUN      ] BlockRandomAccessDiagonalMatrixTest.Invert
[       OK ] BlockRandomAccessDiagonalMatrixTest.Invert (0 ms)
[----------] 3 tests from BlockRandomAccessDiagonalMatrixTest (0 ms total)

[----------] Global test environment tear-down
[==========] 3 tests from 1 test case ran. (0 ms total)
[  PASSED  ] 3 tests.
<end of output>
Test time =   0.00 sec
----------------------------------------------------------
Test Passed.
"block_random_access_diagonal_matrix_test" end time: Nov 30 15:02 CET
"block_random_access_diagonal_matrix_test" time elapsed: 00:00:00
----------------------------------------------------------

8/127 Testing: block_random_access_sparse_matrix_test
8/127 Test: block_random_access_sparse_matrix_test
Command: "/home/jojo/BAMapping/third_party/ceres-bin/bin/block_random_access_sparse_matrix_test" "--test_srcdir" "/home/jojo/BAMapping/third_party/ceres-solver-1.14.0/data"
Directory: /home/jojo/BAMapping/third_party/ceres-bin/internal/ceres
"block_random_access_sparse_matrix_test" start time: Nov 30 15:02 CET
Output:
----------------------------------------------------------
Running main() from gmock_main.cc
[==========] Running 3 tests from 2 test cases.
[----------] Global test environment set-up.
[----------] 1 test from BlockRandomAccessSparseMatrix
[ RUN      ] BlockRandomAccessSparseMatrix.GetCell
[       OK ] BlockRandomAccessSparseMatrix.GetCell (0 ms)
[----------] 1 test from BlockRandomAccessSparseMatrix (0 ms total)

[----------] 2 tests from BlockRandomAccessSparseMatrixTest
[ RUN      ] BlockRandomAccessSparseMatrixTest.IntPairToLongOverflow
[       OK ] BlockRandomAccessSparseMatrixTest.IntPairToLongOverflow (0 ms)
[ RUN      ] BlockRandomAccessSparseMatrixTest.LongToIntPair
[       OK ] BlockRandomAccessSparseMatrixTest.LongToIntPair (0 ms)
[----------] 2 tests from BlockRandomAccessSparseMatrixTest (0 ms total)

[----------] Global test environment tear-down
[==========] 3 tests from 2 test cases ran. (1 ms total)
[  PASSED  ] 3 tests.
<end of output>
Test time =   0.00 sec
----------------------------------------------------------
Test Passed.
"block_random_access_sparse_matrix_test" end time: Nov 30 15:02 CET
"block_random_access_sparse_matrix_test" time elapsed: 00:00:00
----------------------------------------------------------

9/127 Testing: block_sparse_matrix_test
9/127 Test: block_sparse_matrix_test
Command: "/home/jojo/BAMapping/third_party/ceres-bin/bin/block_sparse_matrix_test" "--test_srcdir" "/home/jojo/BAMapping/third_party/ceres-solver-1.14.0/data"
Directory: /home/jojo/BAMapping/third_party/ceres-bin/internal/ceres
"block_sparse_matrix_test" start time: Nov 30 15:02 CET
Output:
----------------------------------------------------------
Running main() from gmock_main.cc
[==========] Running 8 tests from 2 test cases.
[----------] Global test environment set-up.
[----------] 7 tests from BlockSparseMatrixTest
[ RUN      ] BlockSparseMatrixTest.SetZeroTest
[       OK ] BlockSparseMatrixTest.SetZeroTest (0 ms)
[ RUN      ] BlockSparseMatrixTest.RightMultiplyTest
[       OK ] BlockSparseMatrixTest.RightMultiplyTest (0 ms)
[ RUN      ] BlockSparseMatrixTest.LeftMultiplyTest
[       OK ] BlockSparseMatrixTest.LeftMultiplyTest (0 ms)
[ RUN      ] BlockSparseMatrixTest.SquaredColumnNormTest
[       OK ] BlockSparseMatrixTest.SquaredColumnNormTest (0 ms)
[ RUN      ] BlockSparseMatrixTest.ToDenseMatrixTest
[       OK ] BlockSparseMatrixTest.ToDenseMatrixTest (0 ms)
[ RUN      ] BlockSparseMatrixTest.AppendRows
[       OK ] BlockSparseMatrixTest.AppendRows (0 ms)
[ RUN      ] BlockSparseMatrixTest.AppendAndDeleteBlockDiagonalMatrix
[       OK ] BlockSparseMatrixTest.AppendAndDeleteBlockDiagonalMatrix (0 ms)
[----------] 7 tests from BlockSparseMatrixTest (0 ms total)

[----------] 1 test from BlockSparseMatrix
[ RUN      ] BlockSparseMatrix.CreateDiagonalMatrix
[       OK ] BlockSparseMatrix.CreateDiagonalMatrix (0 ms)
[----------] 1 test from BlockSparseMatrix (0 ms total)

[----------] Global test environment tear-down
[==========] 8 tests from 2 test cases ran. (0 ms total)
[  PASSED  ] 8 tests.
<end of output>
Test time =   0.01 sec
----------------------------------------------------------
Test Passed.
"block_sparse_matrix_test" end time: Nov 30 15:02 CET
"block_sparse_matrix_test" time elapsed: 00:00:00
----------------------------------------------------------

10/127 Testing: c_api_test
10/127 Test: c_api_test
Command: "/home/jojo/BAMapping/third_party/ceres-bin/bin/c_api_test" "--test_srcdir" "/home/jojo/BAMapping/third_party/ceres-solver-1.14.0/data"
Directory: /home/jojo/BAMapping/third_party/ceres-bin/internal/ceres
"c_api_test" start time: Nov 30 15:02 CET
Output:
----------------------------------------------------------
Running main() from gmock_main.cc
[==========] Running 2 tests from 1 test case.
[----------] Global test environment set-up.
[----------] 2 tests from C_API
[ RUN      ] C_API.SimpleEndToEndTest
iter      cost      cost_change  |gradient|   |step|    tr_ratio  tr_radius  ls_iter  iter_time  total_time
   0  1.211734e+02    0.00e+00    3.61e+02   0.00e+00   0.00e+00  1.00e+04        0    6.33e-05    1.76e-03
   1  2.334822e+03   -2.21e+03    0.00e+00   7.52e-01  -1.87e+01  5.00e+03        1    7.04e-05    2.13e-03
   2  2.331438e+03   -2.21e+03    0.00e+00   7.51e-01  -1.86e+01  1.25e+03        1    2.20e-05    2.17e-03
   3  2.311313e+03   -2.19e+03    0.00e+00   7.48e-01  -1.85e+01  1.56e+02        1    1.83e-05    2.20e-03
   4  2.137268e+03   -2.02e+03    0.00e+00   7.22e-01  -1.70e+01  9.77e+00        1    1.74e-05    2.22e-03
   5  8.553131e+02   -7.34e+02    0.00e+00   5.78e-01  -6.32e+00  3.05e-01        1    1.76e-05    2.25e-03
   6  3.306595e+01    8.81e+01    4.10e+02   3.18e-01   1.37e+00  9.16e-01        1    4.54e-05    2.31e-03
   7  6.426770e+00    2.66e+01    1.81e+02   1.29e-01   1.10e+00  2.75e+00        1    4.04e-05    2.36e-03
   8  3.344546e+00    3.08e+00    5.51e+01   3.05e-02   1.03e+00  8.24e+00        1    3.97e-05    2.41e-03
   9  1.987485e+00    1.36e+00    2.33e+01   8.87e-02   9.94e-01  2.47e+01        1    4.33e-05    2.46e-03
  10  1.211585e+00    7.76e-01    8.22e+00   1.05e-01   9.89e-01  7.42e+01        1    3.93e-05    2.51e-03
  11  1.063265e+00    1.48e-01    1.44e+00   6.06e-02   9.97e-01  2.22e+02        1    3.91e-05    2.56e-03
  12  1.056795e+00    6.47e-03    1.18e-01   1.47e-02   1.00e+00  6.67e+02        1    3.91e-05    2.61e-03
  13  1.056751e+00    4.39e-05    3.79e-03   1.28e-03   1.00e+00  2.00e+03        1    3.92e-05    2.66e-03

Solver Summary (v 1.14.0-eigen-(3.3.4)-lapack-suitesparse-(5.1.2)-cxsparse-(3.1.9)-eigensparse-openmp-no_tbb)

                                     Original                  Reduced
Parameter blocks                            2                        2
Parameters                                  2                        2
Residual blocks                            67                       67
Residuals                                  67                       67

Minimizer                        TRUST_REGION

Dense linear algebra library            EIGEN
Trust region strategy     LEVENBERG_MARQUARDT

                                        Given                     Used
Linear solver                        DENSE_QR                 DENSE_QR
Threads                                     1                        1
Linear solver ordering              AUTOMATIC                        2

Cost:
Initial                          1.211734e+02
Final                            1.056751e+00
Change                           1.201167e+02

Minimizer iterations                       14
Successful steps                            9
Unsuccessful steps                          5

Time (in seconds):
Preprocessor                         0.001697

  Residual only evaluation           0.000179 (14)
  Jacobian & residual evaluation     0.000214 (9)
  Linear solver                      0.000087 (14)
Minimizer                            0.000997

Postprocessor                        0.000005
Total                                0.002699

Termination:                      CONVERGENCE (Function tolerance reached. |cost_change|/cost: 3.541695e-08 <= 1.000000e-06)

[       OK ] C_API.SimpleEndToEndTest (3 ms)
[ RUN      ] C_API.LossFunctions
iter      cost      cost_change  |gradient|   |step|    tr_ratio  tr_radius  ls_iter  iter_time  total_time
   0  3.814919e+02    0.00e+00    3.86e+02   0.00e+00   0.00e+00  1.00e+04        0    4.48e-05    5.73e-05
   1  3.554425e+02    2.60e+01    2.91e+02   1.48e-01   8.90e-01  1.91e+04        1    5.98e-05    1.31e-04
   2  3.509212e+02    4.52e+00    1.68e+01   4.73e-02   1.01e+00  5.72e+04        1    5.17e-05    1.95e-04
   3  3.509014e+02    1.98e-02    1.09e-01   6.58e-03   1.00e+00  1.72e+05        1    5.04e-05    2.57e-04

Solver Summary (v 1.14.0-eigen-(3.3.4)-lapack-suitesparse-(5.1.2)-cxsparse-(3.1.9)-eigensparse-openmp-no_tbb)

                                     Original                  Reduced
Parameter blocks                            2                        2
Parameters                                  2                        2
Residual blocks                            67                       67
Residuals                                  67                       67

Minimizer                        TRUST_REGION

Dense linear algebra library            EIGEN
Trust region strategy     LEVENBERG_MARQUARDT

                                        Given                     Used
Linear solver                        DENSE_QR                 DENSE_QR
Threads                                     1                        1
Linear solver ordering              AUTOMATIC                        2

Cost:
Initial                          3.814919e+02
Final                            3.509014e+02
Change                           3.059049e+01

Minimizer iterations                        4
Successful steps                            4
Unsuccessful steps                          0

Time (in seconds):
Preprocessor                         0.000012

  Residual only evaluation           0.000061 (4)
  Jacobian & residual evaluation     0.000121 (4)
  Linear solver                      0.000023 (4)
Minimizer                            0.000282

Postprocessor                        0.000003
Total                                0.000297

Termination:                      CONVERGENCE (Function tolerance reached. |cost_change|/cost: 2.336661e-09 <= 1.000000e-06)

[       OK ] C_API.LossFunctions (1 ms)
[----------] 2 tests from C_API (4 ms total)

[----------] Global test environment tear-down
[==========] 2 tests from 1 test case ran. (4 ms total)
[  PASSED  ] 2 tests.
<end of output>
Test time =   0.02 sec
----------------------------------------------------------
Test Passed.
"c_api_test" end time: Nov 30 15:02 CET
"c_api_test" time elapsed: 00:00:00
----------------------------------------------------------

11/127 Testing: canonical_views_clustering_test
11/127 Test: canonical_views_clustering_test
Command: "/home/jojo/BAMapping/third_party/ceres-bin/bin/canonical_views_clustering_test" "--test_srcdir" "/home/jojo/BAMapping/third_party/ceres-solver-1.14.0/data"
Directory: /home/jojo/BAMapping/third_party/ceres-bin/internal/ceres
"canonical_views_clustering_test" start time: Nov 30 15:02 CET
Output:
----------------------------------------------------------
Running main() from gmock_main.cc
[==========] Running 4 tests from 1 test case.
[----------] Global test environment set-up.
[----------] 4 tests from CanonicalViewsTest
[ RUN      ] CanonicalViewsTest.ComputeCanonicalViewsTest
[       OK ] CanonicalViewsTest.ComputeCanonicalViewsTest (0 ms)
[ RUN      ] CanonicalViewsTest.SizePenaltyTest
[       OK ] CanonicalViewsTest.SizePenaltyTest (0 ms)
[ RUN      ] CanonicalViewsTest.ViewScoreTest
[       OK ] CanonicalViewsTest.ViewScoreTest (0 ms)
[ RUN      ] CanonicalViewsTest.SimilarityPenaltyTest
[       OK ] CanonicalViewsTest.SimilarityPenaltyTest (0 ms)
[----------] 4 tests from CanonicalViewsTest (0 ms total)

[----------] Global test environment tear-down
[==========] 4 tests from 1 test case ran. (0 ms total)
[  PASSED  ] 4 tests.
<end of output>
Test time =   0.01 sec
----------------------------------------------------------
Test Passed.
"canonical_views_clustering_test" end time: Nov 30 15:02 CET
"canonical_views_clustering_test" time elapsed: 00:00:00
----------------------------------------------------------

12/127 Testing: compressed_col_sparse_matrix_utils_test
12/127 Test: compressed_col_sparse_matrix_utils_test
Command: "/home/jojo/BAMapping/third_party/ceres-bin/bin/compressed_col_sparse_matrix_utils_test" "--test_srcdir" "/home/jojo/BAMapping/third_party/ceres-solver-1.14.0/data"
Directory: /home/jojo/BAMapping/third_party/ceres-bin/internal/ceres
"compressed_col_sparse_matrix_utils_test" start time: Nov 30 15:02 CET
Output:
----------------------------------------------------------
Running main() from gmock_main.cc
[==========] Running 5 tests from 2 test cases.
[----------] Global test environment set-up.
[----------] 2 tests from _
[ RUN      ] _.BlockPermutationToScalarPermutation
[       OK ] _.BlockPermutationToScalarPermutation (0 ms)
[ RUN      ] _.ScalarMatrixToBlockMatrix
[       OK ] _.ScalarMatrixToBlockMatrix (0 ms)
[----------] 2 tests from _ (0 ms total)

[----------] 3 tests from SolveUpperTriangularTest
[ RUN      ] SolveUpperTriangularTest.SolveInPlace
[       OK ] SolveUpperTriangularTest.SolveInPlace (0 ms)
[ RUN      ] SolveUpperTriangularTest.TransposeSolveInPlace
[       OK ] SolveUpperTriangularTest.TransposeSolveInPlace (0 ms)
[ RUN      ] SolveUpperTriangularTest.RTRSolveWithSparseRHS
[       OK ] SolveUpperTriangularTest.RTRSolveWithSparseRHS (0 ms)
[----------] 3 tests from SolveUpperTriangularTest (0 ms total)

[----------] Global test environment tear-down
[==========] 5 tests from 2 test cases ran. (0 ms total)
[  PASSED  ] 5 tests.
<end of output>
Test time =   0.01 sec
----------------------------------------------------------
Test Passed.
"compressed_col_sparse_matrix_utils_test" end time: Nov 30 15:02 CET
"compressed_col_sparse_matrix_utils_test" time elapsed: 00:00:00
----------------------------------------------------------

13/127 Testing: compressed_row_sparse_matrix_test
13/127 Test: compressed_row_sparse_matrix_test
Command: "/home/jojo/BAMapping/third_party/ceres-bin/bin/compressed_row_sparse_matrix_test" "--test_srcdir" "/home/jojo/BAMapping/third_party/ceres-solver-1.14.0/data"
Directory: /home/jojo/BAMapping/third_party/ceres-bin/internal/ceres
"compressed_row_sparse_matrix_test" start time: Nov 30 15:02 CET
Output:
----------------------------------------------------------
Running main() from gmock_main.cc
[==========] Running 13 tests from 2 test cases.
[----------] Global test environment set-up.
[----------] 9 tests from CompressedRowSparseMatrixTest
[ RUN      ] CompressedRowSparseMatrixTest.RightMultiply
[       OK ] CompressedRowSparseMatrixTest.RightMultiply (0 ms)
[ RUN      ] CompressedRowSparseMatrixTest.LeftMultiply
[       OK ] CompressedRowSparseMatrixTest.LeftMultiply (0 ms)
[ RUN      ] CompressedRowSparseMatrixTest.ColumnNorm
[       OK ] CompressedRowSparseMatrixTest.ColumnNorm (0 ms)
[ RUN      ] CompressedRowSparseMatrixTest.Scale
[       OK ] CompressedRowSparseMatrixTest.Scale (0 ms)
[ RUN      ] CompressedRowSparseMatrixTest.DeleteRows
[       OK ] CompressedRowSparseMatrixTest.DeleteRows (0 ms)
[ RUN      ] CompressedRowSparseMatrixTest.AppendRows
[       OK ] CompressedRowSparseMatrixTest.AppendRows (0 ms)
[ RUN      ] CompressedRowSparseMatrixTest.AppendAndDeleteBlockDiagonalMatrix
[       OK ] CompressedRowSparseMatrixTest.AppendAndDeleteBlockDiagonalMatrix (0 ms)
[ RUN      ] CompressedRowSparseMatrixTest.ToDenseMatrix
[       OK ] CompressedRowSparseMatrixTest.ToDenseMatrix (0 ms)
[ RUN      ] CompressedRowSparseMatrixTest.ToCRSMatrix
[       OK ] CompressedRowSparseMatrixTest.ToCRSMatrix (0 ms)
[----------] 9 tests from CompressedRowSparseMatrixTest (0 ms total)

[----------] 4 tests from CompressedRowSparseMatrix
[ RUN      ] CompressedRowSparseMatrix.CreateBlockDiagonalMatrix
[       OK ] CompressedRowSparseMatrix.CreateBlockDiagonalMatrix (0 ms)
[ RUN      ] CompressedRowSparseMatrix.Transpose
[       OK ] CompressedRowSparseMatrix.Transpose (0 ms)
[ RUN      ] CompressedRowSparseMatrix.FromTripletSparseMatrix
[       OK ] CompressedRowSparseMatrix.FromTripletSparseMatrix (0 ms)
[ RUN      ] CompressedRowSparseMatrix.FromTripletSparseMatrixTransposed
[       OK ] CompressedRowSparseMatrix.FromTripletSparseMatrixTransposed (0 ms)
[----------] 4 tests from CompressedRowSparseMatrix (0 ms total)

[----------] Global test environment tear-down
[==========] 13 tests from 2 test cases ran. (0 ms total)
[  PASSED  ] 13 tests.
<end of output>
Test time =   0.01 sec
----------------------------------------------------------
Test Passed.
"compressed_row_sparse_matrix_test" end time: Nov 30 15:02 CET
"compressed_row_sparse_matrix_test" time elapsed: 00:00:00
----------------------------------------------------------

14/127 Testing: concurrent_queue_test
14/127 Test: concurrent_queue_test
Command: "/home/jojo/BAMapping/third_party/ceres-bin/bin/concurrent_queue_test" "--test_srcdir" "/home/jojo/BAMapping/third_party/ceres-solver-1.14.0/data"
Directory: /home/jojo/BAMapping/third_party/ceres-bin/internal/ceres
"concurrent_queue_test" start time: Nov 30 15:02 CET
Output:
----------------------------------------------------------
Running main() from gmock_main.cc
[==========] Running 0 tests from 0 test cases.
[==========] 0 tests from 0 test cases ran. (0 ms total)
[  PASSED  ] 0 tests.
<end of output>
Test time =   0.01 sec
----------------------------------------------------------
Test Passed.
"concurrent_queue_test" end time: Nov 30 15:02 CET
"concurrent_queue_test" time elapsed: 00:00:00
----------------------------------------------------------

15/127 Testing: conditioned_cost_function_test
15/127 Test: conditioned_cost_function_test
Command: "/home/jojo/BAMapping/third_party/ceres-bin/bin/conditioned_cost_function_test" "--test_srcdir" "/home/jojo/BAMapping/third_party/ceres-solver-1.14.0/data"
Directory: /home/jojo/BAMapping/third_party/ceres-bin/internal/ceres
"conditioned_cost_function_test" start time: Nov 30 15:02 CET
Output:
----------------------------------------------------------
Running main() from gmock_main.cc
[==========] Running 1 test from 1 test case.
[----------] Global test environment set-up.
[----------] 1 test from CostFunctionTest
[ RUN      ] CostFunctionTest.ConditionedCostFunction
[       OK ] CostFunctionTest.ConditionedCostFunction (0 ms)
[----------] 1 test from CostFunctionTest (0 ms total)

[----------] Global test environment tear-down
[==========] 1 test from 1 test case ran. (0 ms total)
[  PASSED  ] 1 test.
<end of output>
Test time =   0.01 sec
----------------------------------------------------------
Test Passed.
"conditioned_cost_function_test" end time: Nov 30 15:02 CET
"conditioned_cost_function_test" time elapsed: 00:00:00
----------------------------------------------------------

16/127 Testing: conjugate_gradients_solver_test
16/127 Test: conjugate_gradients_solver_test
Command: "/home/jojo/BAMapping/third_party/ceres-bin/bin/conjugate_gradients_solver_test" "--test_srcdir" "/home/jojo/BAMapping/third_party/ceres-solver-1.14.0/data"
Directory: /home/jojo/BAMapping/third_party/ceres-bin/internal/ceres
"conjugate_gradients_solver_test" start time: Nov 30 15:02 CET
Output:
----------------------------------------------------------
Running main() from gmock_main.cc
[==========] Running 2 tests from 2 test cases.
[----------] Global test environment set-up.
[----------] 1 test from ConjugateGradientTest
[ RUN      ] ConjugateGradientTest.Solves3x3IdentitySystem
[       OK ] ConjugateGradientTest.Solves3x3IdentitySystem (0 ms)
[----------] 1 test from ConjugateGradientTest (0 ms total)

[----------] 1 test from ConjuateGradientTest
[ RUN      ] ConjuateGradientTest.Solves3x3SymmetricSystem
[       OK ] ConjuateGradientTest.Solves3x3SymmetricSystem (0 ms)
[----------] 1 test from ConjuateGradientTest (0 ms total)

[----------] Global test environment tear-down
[==========] 2 tests from 2 test cases ran. (0 ms total)
[  PASSED  ] 2 tests.
<end of output>
Test time =   0.01 sec
----------------------------------------------------------
Test Passed.
"conjugate_gradients_solver_test" end time: Nov 30 15:02 CET
"conjugate_gradients_solver_test" time elapsed: 00:00:00
----------------------------------------------------------

17/127 Testing: corrector_test
17/127 Test: corrector_test
Command: "/home/jojo/BAMapping/third_party/ceres-bin/bin/corrector_test" "--test_srcdir" "/home/jojo/BAMapping/third_party/ceres-solver-1.14.0/data"
Directory: /home/jojo/BAMapping/third_party/ceres-bin/internal/ceres
"corrector_test" start time: Nov 30 15:02 CET
Output:
----------------------------------------------------------
Running main() from gmock_main.cc
[==========] Running 7 tests from 1 test case.
[----------] Global test environment set-up.
[----------] 7 tests from Corrector
[ RUN      ] Corrector.ZeroGradientDeathTest
[       OK ] Corrector.ZeroGradientDeathTest (182 ms)
[ RUN      ] Corrector.NegativeGradientDeathTest
[       OK ] Corrector.NegativeGradientDeathTest (134 ms)
[ RUN      ] Corrector.ScalarCorrection
[       OK ] Corrector.ScalarCorrection (0 ms)
[ RUN      ] Corrector.ScalarCorrectionZeroResidual
[       OK ] Corrector.ScalarCorrectionZeroResidual (0 ms)
[ RUN      ] Corrector.ScalarCorrectionAlphaClamped
[       OK ] Corrector.ScalarCorrectionAlphaClamped (0 ms)
[ RUN      ] Corrector.MultidimensionalGaussNewtonApproximation
[       OK ] Corrector.MultidimensionalGaussNewtonApproximation (7 ms)
[ RUN      ] Corrector.MultidimensionalGaussNewtonApproximationZeroResidual
[       OK ] Corrector.MultidimensionalGaussNewtonApproximationZeroResidual (5 ms)
[----------] 7 tests from Corrector (328 ms total)

[----------] Global test environment tear-down
[==========] 7 tests from 1 test case ran. (328 ms total)
[  PASSED  ] 7 tests.
<end of output>
Test time =   0.33 sec
----------------------------------------------------------
Test Passed.
"corrector_test" end time: Nov 30 15:02 CET
"corrector_test" time elapsed: 00:00:00
----------------------------------------------------------

18/127 Testing: cost_function_to_functor_test
18/127 Test: cost_function_to_functor_test
Command: "/home/jojo/BAMapping/third_party/ceres-bin/bin/cost_function_to_functor_test" "--test_srcdir" "/home/jojo/BAMapping/third_party/ceres-solver-1.14.0/data"
Directory: /home/jojo/BAMapping/third_party/ceres-bin/internal/ceres
"cost_function_to_functor_test" start time: Nov 30 15:02 CET
Output:
----------------------------------------------------------
Running main() from gmock_main.cc
[==========] Running 12 tests from 1 test case.
[----------] Global test environment set-up.
[----------] 12 tests from CostFunctionToFunctor
[ RUN      ] CostFunctionToFunctor.OneParameterBlock
[       OK ] CostFunctionToFunctor.OneParameterBlock (0 ms)
[ RUN      ] CostFunctionToFunctor.TwoParameterBlock
[       OK ] CostFunctionToFunctor.TwoParameterBlock (0 ms)
[ RUN      ] CostFunctionToFunctor.ThreeParameterBlock
[       OK ] CostFunctionToFunctor.ThreeParameterBlock (0 ms)
[ RUN      ] CostFunctionToFunctor.FourParameterBlock
[       OK ] CostFunctionToFunctor.FourParameterBlock (0 ms)
[ RUN      ] CostFunctionToFunctor.FiveParameterBlock
[       OK ] CostFunctionToFunctor.FiveParameterBlock (0 ms)
[ RUN      ] CostFunctionToFunctor.SixParameterBlock
[       OK ] CostFunctionToFunctor.SixParameterBlock (0 ms)
[ RUN      ] CostFunctionToFunctor.SevenParameterBlock
[       OK ] CostFunctionToFunctor.SevenParameterBlock (0 ms)
[ RUN      ] CostFunctionToFunctor.EightParameterBlock
[       OK ] CostFunctionToFunctor.EightParameterBlock (0 ms)
[ RUN      ] CostFunctionToFunctor.NineParameterBlock
[       OK ] CostFunctionToFunctor.NineParameterBlock (0 ms)
[ RUN      ] CostFunctionToFunctor.TenParameterBlock
[       OK ] CostFunctionToFunctor.TenParameterBlock (0 ms)
[ RUN      ] CostFunctionToFunctor.DynamicNumberOfResiduals
[       OK ] CostFunctionToFunctor.DynamicNumberOfResiduals (0 ms)
[ RUN      ] CostFunctionToFunctor.DynamicCostFunctionToFunctor
[       OK ] CostFunctionToFunctor.DynamicCostFunctionToFunctor (0 ms)
[----------] 12 tests from CostFunctionToFunctor (0 ms total)

[----------] Global test environment tear-down
[==========] 12 tests from 1 test case ran. (0 ms total)
[  PASSED  ] 12 tests.
<end of output>
Test time =   0.01 sec
----------------------------------------------------------
Test Passed.
"cost_function_to_functor_test" end time: Nov 30 15:02 CET
"cost_function_to_functor_test" time elapsed: 00:00:00
----------------------------------------------------------

19/127 Testing: covariance_test
19/127 Test: covariance_test
Command: "/home/jojo/BAMapping/third_party/ceres-bin/bin/covariance_test" "--test_srcdir" "/home/jojo/BAMapping/third_party/ceres-solver-1.14.0/data"
Directory: /home/jojo/BAMapping/third_party/ceres-bin/internal/ceres
"covariance_test" start time: Nov 30 15:02 CET
Output:
----------------------------------------------------------
Running main() from gmock_main.cc
[==========] Running 16 tests from 4 test cases.
[----------] Global test environment set-up.
[----------] 3 tests from CovarianceImpl
[ RUN      ] CovarianceImpl.ComputeCovarianceSparsity
[       OK ] CovarianceImpl.ComputeCovarianceSparsity (1 ms)
[ RUN      ] CovarianceImpl.ComputeCovarianceSparsityWithConstantParameterBlock
[       OK ] CovarianceImpl.ComputeCovarianceSparsityWithConstantParameterBlock (0 ms)
[ RUN      ] CovarianceImpl.ComputeCovarianceSparsityWithFreeParameterBlock
[       OK ] CovarianceImpl.ComputeCovarianceSparsityWithFreeParameterBlock (0 ms)
[----------] 3 tests from CovarianceImpl (1 ms total)

[----------] 11 tests from CovarianceTest
[ RUN      ] CovarianceTest.NormalBehavior
[       OK ] CovarianceTest.NormalBehavior (11 ms)
[ RUN      ] CovarianceTest.ThreadedNormalBehavior
[       OK ] CovarianceTest.ThreadedNormalBehavior (10 ms)
[ RUN      ] CovarianceTest.ConstantParameterBlock
[       OK ] CovarianceTest.ConstantParameterBlock (5 ms)
[ RUN      ] CovarianceTest.LocalParameterization
[       OK ] CovarianceTest.LocalParameterization (4 ms)
[ RUN      ] CovarianceTest.LocalParameterizationInTangentSpace
[       OK ] CovarianceTest.LocalParameterizationInTangentSpace (4 ms)
[ RUN      ] CovarianceTest.LocalParameterizationInTangentSpaceWithConstantBlocks
[       OK ] CovarianceTest.LocalParameterizationInTangentSpaceWithConstantBlocks (2 ms)
[ RUN      ] CovarianceTest.TruncatedRank
[       OK ] CovarianceTest.TruncatedRank (3 ms)
[ RUN      ] CovarianceTest.DenseCovarianceMatrixFromSetOfParameters
[       OK ] CovarianceTest.DenseCovarianceMatrixFromSetOfParameters (5 ms)
[ RUN      ] CovarianceTest.DenseCovarianceMatrixFromSetOfParametersThreaded
[       OK ] CovarianceTest.DenseCovarianceMatrixFromSetOfParametersThreaded (40 ms)
[ RUN      ] CovarianceTest.DenseCovarianceMatrixFromSetOfParametersInTangentSpace
[       OK ] CovarianceTest.DenseCovarianceMatrixFromSetOfParametersInTangentSpace (5 ms)
[ RUN      ] CovarianceTest.ComputeCovarianceFailure

[WARNING] /home/jojo/BAMapping/third_party/ceres-solver-1.14.0/internal/ceres/gmock_gtest_all.cc:7666:: Death tests use fork(), which is unsafe particularly in a threaded context. For this test, Google Test detected 4 threads.

[WARNING] /home/jojo/BAMapping/third_party/ceres-solver-1.14.0/internal/ceres/gmock_gtest_all.cc:7666:: Death tests use fork(), which is unsafe particularly in a threaded context. For this test, Google Test detected 4 threads.
[       OK ] CovarianceTest.ComputeCovarianceFailure (275 ms)
[----------] 11 tests from CovarianceTest (364 ms total)

[----------] 1 test from RankDeficientCovarianceTest
[ RUN      ] RankDeficientCovarianceTest.AutomaticTruncation
[       OK ] RankDeficientCovarianceTest.AutomaticTruncation (1 ms)
[----------] 1 test from RankDeficientCovarianceTest (1 ms total)

[----------] 1 test from LargeScaleCovarianceTest
[ RUN      ] LargeScaleCovarianceTest.Parallel
[       OK ] LargeScaleCovarianceTest.Parallel (7003 ms)
[----------] 1 test from LargeScaleCovarianceTest (7003 ms total)

[----------] Global test environment tear-down
[==========] 16 tests from 4 test cases ran. (7369 ms total)
[  PASSED  ] 16 tests.
<end of output>
Test time =   7.38 sec
----------------------------------------------------------
Test Passed.
"covariance_test" end time: Nov 30 15:02 CET
"covariance_test" time elapsed: 00:00:07
----------------------------------------------------------

20/127 Testing: cubic_interpolation_test
20/127 Test: cubic_interpolation_test
Command: "/home/jojo/BAMapping/third_party/ceres-bin/bin/cubic_interpolation_test" "--test_srcdir" "/home/jojo/BAMapping/third_party/ceres-solver-1.14.0/data"
Directory: /home/jojo/BAMapping/third_party/ceres-bin/internal/ceres
"cubic_interpolation_test" start time: Nov 30 15:02 CET
Output:
----------------------------------------------------------
Running main() from gmock_main.cc
[==========] Running 23 tests from 6 test cases.
[----------] Global test environment set-up.
[----------] 4 tests from Grid1D
[ RUN      ] Grid1D.OneDataDimension
[       OK ] Grid1D.OneDataDimension (0 ms)
[ RUN      ] Grid1D.OneDataDimensionOutOfBounds
[       OK ] Grid1D.OneDataDimensionOutOfBounds (0 ms)
[ RUN      ] Grid1D.TwoDataDimensionIntegerDataInterleaved
[       OK ] Grid1D.TwoDataDimensionIntegerDataInterleaved (0 ms)
[ RUN      ] Grid1D.TwoDataDimensionIntegerDataStacked
[       OK ] Grid1D.TwoDataDimensionIntegerDataStacked (0 ms)
[----------] 4 tests from Grid1D (0 ms total)

[----------] 6 tests from Grid2D
[ RUN      ] Grid2D.OneDataDimensionRowMajor
[       OK ] Grid2D.OneDataDimensionRowMajor (0 ms)
[ RUN      ] Grid2D.OneDataDimensionRowMajorOutOfBounds
[       OK ] Grid2D.OneDataDimensionRowMajorOutOfBounds (0 ms)
[ RUN      ] Grid2D.TwoDataDimensionRowMajorInterleaved
[       OK ] Grid2D.TwoDataDimensionRowMajorInterleaved (0 ms)
[ RUN      ] Grid2D.TwoDataDimensionRowMajorStacked
[       OK ] Grid2D.TwoDataDimensionRowMajorStacked (0 ms)
[ RUN      ] Grid2D.TwoDataDimensionColMajorInterleaved
[       OK ] Grid2D.TwoDataDimensionColMajorInterleaved (0 ms)
[ RUN      ] Grid2D.TwoDataDimensionColMajorStacked
[       OK ] Grid2D.TwoDataDimensionColMajorStacked (0 ms)
[----------] 6 tests from Grid2D (0 ms total)

[----------] 3 tests from CubicInterpolatorTest
[ RUN      ] CubicInterpolatorTest.ConstantFunction
[       OK ] CubicInterpolatorTest.ConstantFunction (0 ms)
[ RUN      ] CubicInterpolatorTest.LinearFunction
[       OK ] CubicInterpolatorTest.LinearFunction (0 ms)
[ RUN      ] CubicInterpolatorTest.QuadraticFunction
[       OK ] CubicInterpolatorTest.QuadraticFunction (0 ms)
[----------] 3 tests from CubicInterpolatorTest (0 ms total)

[----------] 1 test from CubicInterpolator
[ RUN      ] CubicInterpolator.JetEvaluation
[       OK ] CubicInterpolator.JetEvaluation (0 ms)
[----------] 1 test from CubicInterpolator (0 ms total)

[----------] 8 tests from BiCubicInterpolatorTest
[ RUN      ] BiCubicInterpolatorTest.ZeroFunction
[       OK ] BiCubicInterpolatorTest.ZeroFunction (6 ms)
[ RUN      ] BiCubicInterpolatorTest.Degree00Function
[       OK ] BiCubicInterpolatorTest.Degree00Function (6 ms)
[ RUN      ] BiCubicInterpolatorTest.Degree01Function
[       OK ] BiCubicInterpolatorTest.Degree01Function (5 ms)
[ RUN      ] BiCubicInterpolatorTest.Degree10Function
[       OK ] BiCubicInterpolatorTest.Degree10Function (6 ms)
[ RUN      ] BiCubicInterpolatorTest.Degree11Function
[       OK ] BiCubicInterpolatorTest.Degree11Function (6 ms)
[ RUN      ] BiCubicInterpolatorTest.Degree12Function
[       OK ] BiCubicInterpolatorTest.Degree12Function (5 ms)
[ RUN      ] BiCubicInterpolatorTest.Degree21Function
[       OK ] BiCubicInterpolatorTest.Degree21Function (5 ms)
[ RUN      ] BiCubicInterpolatorTest.Degree22Function
[       OK ] BiCubicInterpolatorTest.Degree22Function (7 ms)
[----------] 8 tests from BiCubicInterpolatorTest (46 ms total)

[----------] 1 test from BiCubicInterpolator
[ RUN      ] BiCubicInterpolator.JetEvaluation
[       OK ] BiCubicInterpolator.JetEvaluation (0 ms)
[----------] 1 test from BiCubicInterpolator (0 ms total)

[----------] Global test environment tear-down
[==========] 23 tests from 6 test cases ran. (46 ms total)
[  PASSED  ] 23 tests.
<end of output>
Test time =   0.05 sec
----------------------------------------------------------
Test Passed.
"cubic_interpolation_test" end time: Nov 30 15:02 CET
"cubic_interpolation_test" time elapsed: 00:00:00
----------------------------------------------------------

21/127 Testing: dense_linear_solver_test
21/127 Test: dense_linear_solver_test
Command: "/home/jojo/BAMapping/third_party/ceres-bin/bin/dense_linear_solver_test" "--test_srcdir" "/home/jojo/BAMapping/third_party/ceres-solver-1.14.0/data"
Directory: /home/jojo/BAMapping/third_party/ceres-bin/internal/ceres
"dense_linear_solver_test" start time: Nov 30 15:02 CET
Output:
----------------------------------------------------------
Running main() from gmock_main.cc
[==========] Running 16 tests from 1 test case.
[----------] Global test environment set-up.
[----------] 16 tests from DenseLinearSolver/DenseLinearSolverTest
[ RUN      ] DenseLinearSolver/DenseLinearSolverTest._/DENSE_QR_EIGEN_Regularized_0
[       OK ] DenseLinearSolver/DenseLinearSolverTest._/DENSE_QR_EIGEN_Regularized_0 (1 ms)
[ RUN      ] DenseLinearSolver/DenseLinearSolverTest._/DENSE_QR_EIGEN_Regularized_1
[       OK ] DenseLinearSolver/DenseLinearSolverTest._/DENSE_QR_EIGEN_Regularized_1 (0 ms)
[ RUN      ] DenseLinearSolver/DenseLinearSolverTest._/DENSE_QR_EIGEN_Unregularized_0
[       OK ] DenseLinearSolver/DenseLinearSolverTest._/DENSE_QR_EIGEN_Unregularized_0 (0 ms)
[ RUN      ] DenseLinearSolver/DenseLinearSolverTest._/DENSE_QR_EIGEN_Unregularized_1
[       OK ] DenseLinearSolver/DenseLinearSolverTest._/DENSE_QR_EIGEN_Unregularized_1 (0 ms)
[ RUN      ] DenseLinearSolver/DenseLinearSolverTest._/DENSE_QR_LAPACK_Regularized_0
[       OK ] DenseLinearSolver/DenseLinearSolverTest._/DENSE_QR_LAPACK_Regularized_0 (4 ms)
[ RUN      ] DenseLinearSolver/DenseLinearSolverTest._/DENSE_QR_LAPACK_Regularized_1
[       OK ] DenseLinearSolver/DenseLinearSolverTest._/DENSE_QR_LAPACK_Regularized_1 (0 ms)
[ RUN      ] DenseLinearSolver/DenseLinearSolverTest._/DENSE_QR_LAPACK_Unregularized_0
[       OK ] DenseLinearSolver/DenseLinearSolverTest._/DENSE_QR_LAPACK_Unregularized_0 (0 ms)
[ RUN      ] DenseLinearSolver/DenseLinearSolverTest._/DENSE_QR_LAPACK_Unregularized_1
[       OK ] DenseLinearSolver/DenseLinearSolverTest._/DENSE_QR_LAPACK_Unregularized_1 (0 ms)
[ RUN      ] DenseLinearSolver/DenseLinearSolverTest._/DENSE_NORMAL_CHOLESKY_EIGEN_Regularized_0
[       OK ] DenseLinearSolver/DenseLinearSolverTest._/DENSE_NORMAL_CHOLESKY_EIGEN_Regularized_0 (1 ms)
[ RUN      ] DenseLinearSolver/DenseLinearSolverTest._/DENSE_NORMAL_CHOLESKY_EIGEN_Regularized_1
[       OK ] DenseLinearSolver/DenseLinearSolverTest._/DENSE_NORMAL_CHOLESKY_EIGEN_Regularized_1 (0 ms)
[ RUN      ] DenseLinearSolver/DenseLinearSolverTest._/DENSE_NORMAL_CHOLESKY_EIGEN_Unregularized_0
[       OK ] DenseLinearSolver/DenseLinearSolverTest._/DENSE_NORMAL_CHOLESKY_EIGEN_Unregularized_0 (0 ms)
[ RUN      ] DenseLinearSolver/DenseLinearSolverTest._/DENSE_NORMAL_CHOLESKY_EIGEN_Unregularized_1
[       OK ] DenseLinearSolver/DenseLinearSolverTest._/DENSE_NORMAL_CHOLESKY_EIGEN_Unregularized_1 (0 ms)
[ RUN      ] DenseLinearSolver/DenseLinearSolverTest._/DENSE_NORMAL_CHOLESKY_LAPACK_Regularized_0
[       OK ] DenseLinearSolver/DenseLinearSolverTest._/DENSE_NORMAL_CHOLESKY_LAPACK_Regularized_0 (1 ms)
[ RUN      ] DenseLinearSolver/DenseLinearSolverTest._/DENSE_NORMAL_CHOLESKY_LAPACK_Regularized_1
[       OK ] DenseLinearSolver/DenseLinearSolverTest._/DENSE_NORMAL_CHOLESKY_LAPACK_Regularized_1 (0 ms)
[ RUN      ] DenseLinearSolver/DenseLinearSolverTest._/DENSE_NORMAL_CHOLESKY_LAPACK_Unregularized_0
[       OK ] DenseLinearSolver/DenseLinearSolverTest._/DENSE_NORMAL_CHOLESKY_LAPACK_Unregularized_0 (0 ms)
[ RUN      ] DenseLinearSolver/DenseLinearSolverTest._/DENSE_NORMAL_CHOLESKY_LAPACK_Unregularized_1
[       OK ] DenseLinearSolver/DenseLinearSolverTest._/DENSE_NORMAL_CHOLESKY_LAPACK_Unregularized_1 (0 ms)
[----------] 16 tests from DenseLinearSolver/DenseLinearSolverTest (7 ms total)

[----------] Global test environment tear-down
[==========] 16 tests from 1 test case ran. (7 ms total)
[  PASSED  ] 16 tests.
<end of output>
Test time =   0.02 sec
----------------------------------------------------------
Test Passed.
"dense_linear_solver_test" end time: Nov 30 15:02 CET
"dense_linear_solver_test" time elapsed: 00:00:00
----------------------------------------------------------

22/127 Testing: dense_sparse_matrix_test
22/127 Test: dense_sparse_matrix_test
Command: "/home/jojo/BAMapping/third_party/ceres-bin/bin/dense_sparse_matrix_test" "--test_srcdir" "/home/jojo/BAMapping/third_party/ceres-solver-1.14.0/data"
Directory: /home/jojo/BAMapping/third_party/ceres-bin/internal/ceres
"dense_sparse_matrix_test" start time: Nov 30 15:02 CET
Output:
----------------------------------------------------------
Running main() from gmock_main.cc
[==========] Running 5 tests from 1 test case.
[----------] Global test environment set-up.
[----------] 5 tests from DenseSparseMatrixTest
[ RUN      ] DenseSparseMatrixTest.RightMultiply
[       OK ] DenseSparseMatrixTest.RightMultiply (0 ms)
[ RUN      ] DenseSparseMatrixTest.LeftMultiply
[       OK ] DenseSparseMatrixTest.LeftMultiply (0 ms)
[ RUN      ] DenseSparseMatrixTest.ColumnNorm
[       OK ] DenseSparseMatrixTest.ColumnNorm (0 ms)
[ RUN      ] DenseSparseMatrixTest.Scale
[       OK ] DenseSparseMatrixTest.Scale (0 ms)
[ RUN      ] DenseSparseMatrixTest.ToDenseMatrix
[       OK ] DenseSparseMatrixTest.ToDenseMatrix (0 ms)
[----------] 5 tests from DenseSparseMatrixTest (0 ms total)

[----------] Global test environment tear-down
[==========] 5 tests from 1 test case ran. (0 ms total)
[  PASSED  ] 5 tests.
<end of output>
Test time =   0.01 sec
----------------------------------------------------------
Test Passed.
"dense_sparse_matrix_test" end time: Nov 30 15:02 CET
"dense_sparse_matrix_test" time elapsed: 00:00:00
----------------------------------------------------------

23/127 Testing: detect_structure_test
23/127 Test: detect_structure_test
Command: "/home/jojo/BAMapping/third_party/ceres-bin/bin/detect_structure_test" "--test_srcdir" "/home/jojo/BAMapping/third_party/ceres-solver-1.14.0/data"
Directory: /home/jojo/BAMapping/third_party/ceres-bin/internal/ceres
"detect_structure_test" start time: Nov 30 15:02 CET
Output:
----------------------------------------------------------
Running main() from gmock_main.cc
[==========] Running 5 tests from 1 test case.
[----------] Global test environment set-up.
[----------] 5 tests from DetectStructure
[ RUN      ] DetectStructure.EverythingStatic
[       OK ] DetectStructure.EverythingStatic (0 ms)
[ RUN      ] DetectStructure.DynamicRow
[       OK ] DetectStructure.DynamicRow (0 ms)
[ RUN      ] DetectStructure.DynamicFBlockDifferentRows
[       OK ] DetectStructure.DynamicFBlockDifferentRows (0 ms)
[ RUN      ] DetectStructure.DynamicEBlock
[       OK ] DetectStructure.DynamicEBlock (0 ms)
[ RUN      ] DetectStructure.DynamicFBlockSameRow
[       OK ] DetectStructure.DynamicFBlockSameRow (0 ms)
[----------] 5 tests from DetectStructure (0 ms total)

[----------] Global test environment tear-down
[==========] 5 tests from 1 test case ran. (0 ms total)
[  PASSED  ] 5 tests.
<end of output>
Test time =   0.00 sec
----------------------------------------------------------
Test Passed.
"detect_structure_test" end time: Nov 30 15:02 CET
"detect_structure_test" time elapsed: 00:00:00
----------------------------------------------------------

24/127 Testing: dogleg_strategy_test
24/127 Test: dogleg_strategy_test
Command: "/home/jojo/BAMapping/third_party/ceres-bin/bin/dogleg_strategy_test" "--test_srcdir" "/home/jojo/BAMapping/third_party/ceres-solver-1.14.0/data"
Directory: /home/jojo/BAMapping/third_party/ceres-bin/internal/ceres
"dogleg_strategy_test" start time: Nov 30 15:02 CET
Output:
----------------------------------------------------------
Running main() from gmock_main.cc
[==========] Running 6 tests from 2 test cases.
[----------] Global test environment set-up.
[----------] 4 tests from DoglegStrategyFixtureEllipse
[ RUN      ] DoglegStrategyFixtureEllipse.TrustRegionObeyedTraditional
[       OK ] DoglegStrategyFixtureEllipse.TrustRegionObeyedTraditional (1 ms)
[ RUN      ] DoglegStrategyFixtureEllipse.TrustRegionObeyedSubspace
[       OK ] DoglegStrategyFixtureEllipse.TrustRegionObeyedSubspace (1 ms)
[ RUN      ] DoglegStrategyFixtureEllipse.CorrectGaussNewtonStep
[       OK ] DoglegStrategyFixtureEllipse.CorrectGaussNewtonStep (0 ms)
[ RUN      ] DoglegStrategyFixtureEllipse.ValidSubspaceBasis
[       OK ] DoglegStrategyFixtureEllipse.ValidSubspaceBasis (0 ms)
[----------] 4 tests from DoglegStrategyFixtureEllipse (2 ms total)

[----------] 2 tests from DoglegStrategyFixtureValley
[ RUN      ] DoglegStrategyFixtureValley.CorrectStepLocalOptimumAlongGradient
[       OK ] DoglegStrategyFixtureValley.CorrectStepLocalOptimumAlongGradient (0 ms)
[ RUN      ] DoglegStrategyFixtureValley.CorrectStepGlobalOptimumAlongGradient
[       OK ] DoglegStrategyFixtureValley.CorrectStepGlobalOptimumAlongGradient (0 ms)
[----------] 2 tests from DoglegStrategyFixtureValley (0 ms total)

[----------] Global test environment tear-down
[==========] 6 tests from 2 test cases ran. (2 ms total)
[  PASSED  ] 6 tests.
<end of output>
Test time =   0.02 sec
----------------------------------------------------------
Test Passed.
"dogleg_strategy_test" end time: Nov 30 15:02 CET
"dogleg_strategy_test" time elapsed: 00:00:00
----------------------------------------------------------

25/127 Testing: dynamic_autodiff_cost_function_test
25/127 Test: dynamic_autodiff_cost_function_test
Command: "/home/jojo/BAMapping/third_party/ceres-bin/bin/dynamic_autodiff_cost_function_test" "--test_srcdir" "/home/jojo/BAMapping/third_party/ceres-solver-1.14.0/data"
Directory: /home/jojo/BAMapping/third_party/ceres-bin/internal/ceres
"dynamic_autodiff_cost_function_test" start time: Nov 30 15:02 CET
Output:
----------------------------------------------------------
Running main() from gmock_main.cc
[==========] Running 12 tests from 3 test cases.
[----------] Global test environment set-up.
[----------] 4 tests from DynamicAutodiffCostFunctionTest
[ RUN      ] DynamicAutodiffCostFunctionTest.TestResiduals
[       OK ] DynamicAutodiffCostFunctionTest.TestResiduals (0 ms)
[ RUN      ] DynamicAutodiffCostFunctionTest.TestJacobian
[       OK ] DynamicAutodiffCostFunctionTest.TestJacobian (0 ms)
[ RUN      ] DynamicAutodiffCostFunctionTest.JacobianWithFirstParameterBlockConstant
[       OK ] DynamicAutodiffCostFunctionTest.JacobianWithFirstParameterBlockConstant (0 ms)
[ RUN      ] DynamicAutodiffCostFunctionTest.JacobianWithSecondParameterBlockConstant
[       OK ] DynamicAutodiffCostFunctionTest.JacobianWithSecondParameterBlockConstant (0 ms)
[----------] 4 tests from DynamicAutodiffCostFunctionTest (1 ms total)

[----------] 4 tests from ThreeParameterCostFunctorTest
[ RUN      ] ThreeParameterCostFunctorTest.TestThreeParameterResiduals
[       OK ] ThreeParameterCostFunctorTest.TestThreeParameterResiduals (0 ms)
[ RUN      ] ThreeParameterCostFunctorTest.TestThreeParameterJacobian
[       OK ] ThreeParameterCostFunctorTest.TestThreeParameterJacobian (0 ms)
[ RUN      ] ThreeParameterCostFunctorTest.ThreeParameterJacobianWithFirstAndLastParameterBlockConstant
[       OK ] ThreeParameterCostFunctorTest.ThreeParameterJacobianWithFirstAndLastParameterBlockConstant (0 ms)
[ RUN      ] ThreeParameterCostFunctorTest.ThreeParameterJacobianWithSecondParameterBlockConstant
[       OK ] ThreeParameterCostFunctorTest.ThreeParameterJacobianWithSecondParameterBlockConstant (0 ms)
[----------] 4 tests from ThreeParameterCostFunctorTest (0 ms total)

[----------] 4 tests from SixParameterCostFunctorTest
[ RUN      ] SixParameterCostFunctorTest.TestSixParameterResiduals
[       OK ] SixParameterCostFunctorTest.TestSixParameterResiduals (0 ms)
[ RUN      ] SixParameterCostFunctorTest.TestSixParameterJacobian
[       OK ] SixParameterCostFunctorTest.TestSixParameterJacobian (0 ms)
[ RUN      ] SixParameterCostFunctorTest.TestSixParameterJacobianVVCVVC
[       OK ] SixParameterCostFunctorTest.TestSixParameterJacobianVVCVVC (0 ms)
[ RUN      ] SixParameterCostFunctorTest.TestSixParameterJacobianVCCVCV
[       OK ] SixParameterCostFunctorTest.TestSixParameterJacobianVCCVCV (0 ms)
[----------] 4 tests from SixParameterCostFunctorTest (0 ms total)

[----------] Global test environment tear-down
[==========] 12 tests from 3 test cases ran. (1 ms total)
[  PASSED  ] 12 tests.
<end of output>
Test time =   0.01 sec
----------------------------------------------------------
Test Passed.
"dynamic_autodiff_cost_function_test" end time: Nov 30 15:02 CET
"dynamic_autodiff_cost_function_test" time elapsed: 00:00:00
----------------------------------------------------------

26/127 Testing: dynamic_compressed_row_sparse_matrix_test
26/127 Test: dynamic_compressed_row_sparse_matrix_test
Command: "/home/jojo/BAMapping/third_party/ceres-bin/bin/dynamic_compressed_row_sparse_matrix_test" "--test_srcdir" "/home/jojo/BAMapping/third_party/ceres-solver-1.14.0/data"
Directory: /home/jojo/BAMapping/third_party/ceres-bin/internal/ceres
"dynamic_compressed_row_sparse_matrix_test" start time: Nov 30 15:02 CET
Output:
----------------------------------------------------------
Running main() from gmock_main.cc
[==========] Running 3 tests from 1 test case.
[----------] Global test environment set-up.
[----------] 3 tests from DynamicCompressedRowSparseMatrixTest
[ RUN      ] DynamicCompressedRowSparseMatrixTest.Initialization
[       OK ] DynamicCompressedRowSparseMatrixTest.Initialization (0 ms)
[ RUN      ] DynamicCompressedRowSparseMatrixTest.InsertEntryAndFinalize
[       OK ] DynamicCompressedRowSparseMatrixTest.InsertEntryAndFinalize (0 ms)
[ RUN      ] DynamicCompressedRowSparseMatrixTest.ClearRows
[       OK ] DynamicCompressedRowSparseMatrixTest.ClearRows (0 ms)
[----------] 3 tests from DynamicCompressedRowSparseMatrixTest (0 ms total)

[----------] Global test environment tear-down
[==========] 3 tests from 1 test case ran. (0 ms total)
[  PASSED  ] 3 tests.
<end of output>
Test time =   0.01 sec
----------------------------------------------------------
Test Passed.
"dynamic_compressed_row_sparse_matrix_test" end time: Nov 30 15:02 CET
"dynamic_compressed_row_sparse_matrix_test" time elapsed: 00:00:00
----------------------------------------------------------

27/127 Testing: dynamic_numeric_diff_cost_function_test
27/127 Test: dynamic_numeric_diff_cost_function_test
Command: "/home/jojo/BAMapping/third_party/ceres-bin/bin/dynamic_numeric_diff_cost_function_test" "--test_srcdir" "/home/jojo/BAMapping/third_party/ceres-solver-1.14.0/data"
Directory: /home/jojo/BAMapping/third_party/ceres-bin/internal/ceres
"dynamic_numeric_diff_cost_function_test" start time: Nov 30 15:02 CET
Output:
----------------------------------------------------------
Running main() from gmock_main.cc
[==========] Running 8 tests from 2 test cases.
[----------] Global test environment set-up.
[----------] 4 tests from DynamicNumericdiffCostFunctionTest
[ RUN      ] DynamicNumericdiffCostFunctionTest.TestResiduals
[       OK ] DynamicNumericdiffCostFunctionTest.TestResiduals (0 ms)
[ RUN      ] DynamicNumericdiffCostFunctionTest.TestJacobian
[       OK ] DynamicNumericdiffCostFunctionTest.TestJacobian (0 ms)
[ RUN      ] DynamicNumericdiffCostFunctionTest.JacobianWithFirstParameterBlockConstant
[       OK ] DynamicNumericdiffCostFunctionTest.JacobianWithFirstParameterBlockConstant (0 ms)
[ RUN      ] DynamicNumericdiffCostFunctionTest.JacobianWithSecondParameterBlockConstant
[       OK ] DynamicNumericdiffCostFunctionTest.JacobianWithSecondParameterBlockConstant (0 ms)
[----------] 4 tests from DynamicNumericdiffCostFunctionTest (0 ms total)

[----------] 4 tests from ThreeParameterCostFunctorTest
[ RUN      ] ThreeParameterCostFunctorTest.TestThreeParameterResiduals
[       OK ] ThreeParameterCostFunctorTest.TestThreeParameterResiduals (0 ms)
[ RUN      ] ThreeParameterCostFunctorTest.TestThreeParameterJacobian
[       OK ] ThreeParameterCostFunctorTest.TestThreeParameterJacobian (0 ms)
[ RUN      ] ThreeParameterCostFunctorTest.ThreeParameterJacobianWithFirstAndLastParameterBlockConstant
[       OK ] ThreeParameterCostFunctorTest.ThreeParameterJacobianWithFirstAndLastParameterBlockConstant (0 ms)
[ RUN      ] ThreeParameterCostFunctorTest.ThreeParameterJacobianWithSecondParameterBlockConstant
[       OK ] ThreeParameterCostFunctorTest.ThreeParameterJacobianWithSecondParameterBlockConstant (0 ms)
[----------] 4 tests from ThreeParameterCostFunctorTest (0 ms total)

[----------] Global test environment tear-down
[==========] 8 tests from 2 test cases ran. (0 ms total)
[  PASSED  ] 8 tests.
<end of output>
Test time =   0.01 sec
----------------------------------------------------------
Test Passed.
"dynamic_numeric_diff_cost_function_test" end time: Nov 30 15:02 CET
"dynamic_numeric_diff_cost_function_test" time elapsed: 00:00:00
----------------------------------------------------------

28/127 Testing: dynamic_sparse_normal_cholesky_solver_test
28/127 Test: dynamic_sparse_normal_cholesky_solver_test
Command: "/home/jojo/BAMapping/third_party/ceres-bin/bin/dynamic_sparse_normal_cholesky_solver_test" "--test_srcdir" "/home/jojo/BAMapping/third_party/ceres-solver-1.14.0/data"
Directory: /home/jojo/BAMapping/third_party/ceres-bin/internal/ceres
"dynamic_sparse_normal_cholesky_solver_test" start time: Nov 30 15:02 CET
Output:
----------------------------------------------------------
Running main() from gmock_main.cc
[==========] Running 3 tests from 1 test case.
[----------] Global test environment set-up.
[----------] 3 tests from DynamicSparseNormalCholeskySolverTest
[ RUN      ] DynamicSparseNormalCholeskySolverTest.SuiteSparse
[       OK ] DynamicSparseNormalCholeskySolverTest.SuiteSparse (2 ms)
[ RUN      ] DynamicSparseNormalCholeskySolverTest.CXSparse
[       OK ] DynamicSparseNormalCholeskySolverTest.CXSparse (1 ms)
[ RUN      ] DynamicSparseNormalCholeskySolverTest.Eigen
[       OK ] DynamicSparseNormalCholeskySolverTest.Eigen (0 ms)
[----------] 3 tests from DynamicSparseNormalCholeskySolverTest (3 ms total)

[----------] Global test environment tear-down
[==========] 3 tests from 1 test case ran. (3 ms total)
[  PASSED  ] 3 tests.
<end of output>
Test time =   0.01 sec
----------------------------------------------------------
Test Passed.
"dynamic_sparse_normal_cholesky_solver_test" end time: Nov 30 15:02 CET
"dynamic_sparse_normal_cholesky_solver_test" time elapsed: 00:00:00
----------------------------------------------------------

29/127 Testing: dynamic_sparsity_test
29/127 Test: dynamic_sparsity_test
Command: "/home/jojo/BAMapping/third_party/ceres-bin/bin/dynamic_sparsity_test" "--test_srcdir" "/home/jojo/BAMapping/third_party/ceres-solver-1.14.0/data"
Directory: /home/jojo/BAMapping/third_party/ceres-bin/internal/ceres
"dynamic_sparsity_test" start time: Nov 30 15:02 CET
Output:
----------------------------------------------------------
Running main() from gmock_main.cc
[==========] Running 1 test from 1 test case.
[----------] Global test environment set-up.
[----------] 1 test from DynamicSparsity
[ RUN      ] DynamicSparsity.StaticAndDynamicSparsityProduceSameSolution
[       OK ] DynamicSparsity.StaticAndDynamicSparsityProduceSameSolution (2234 ms)
[----------] 1 test from DynamicSparsity (2234 ms total)

[----------] Global test environment tear-down
[==========] 1 test from 1 test case ran. (2234 ms total)
[  PASSED  ] 1 test.
<end of output>
Test time =   2.24 sec
----------------------------------------------------------
Test Passed.
"dynamic_sparsity_test" end time: Nov 30 15:02 CET
"dynamic_sparsity_test" time elapsed: 00:00:02
----------------------------------------------------------

30/127 Testing: evaluation_callback_test
30/127 Test: evaluation_callback_test
Command: "/home/jojo/BAMapping/third_party/ceres-bin/bin/evaluation_callback_test" "--test_srcdir" "/home/jojo/BAMapping/third_party/ceres-solver-1.14.0/data"
Directory: /home/jojo/BAMapping/third_party/ceres-bin/internal/ceres
"evaluation_callback_test" start time: Nov 30 15:02 CET
Output:
----------------------------------------------------------
Running main() from gmock_main.cc
[==========] Running 8 tests from 1 test case.
[----------] Global test environment set-up.
[----------] 8 tests from EvaluationCallback
[ RUN      ] EvaluationCallback.WithTrustRegionMinimizer
[       OK ] EvaluationCallback.WithTrustRegionMinimizer (3 ms)
[ RUN      ] EvaluationCallback.WithLineSearchMinimizerWolfeLbfgsCubic
[       OK ] EvaluationCallback.WithLineSearchMinimizerWolfeLbfgsCubic (3 ms)
[ RUN      ] EvaluationCallback.WithLineSearchMinimizerWolfeLbfgsQuadratic
[       OK ] EvaluationCallback.WithLineSearchMinimizerWolfeLbfgsQuadratic (2 ms)
[ RUN      ] EvaluationCallback.WithLineSearchMinimizerWolfeBfgsCubic
[       OK ] EvaluationCallback.WithLineSearchMinimizerWolfeBfgsCubic (2 ms)
[ RUN      ] EvaluationCallback.WithLineSearchMinimizerWolfeBfgsQuadratic
[       OK ] EvaluationCallback.WithLineSearchMinimizerWolfeBfgsQuadratic (2 ms)
[ RUN      ] EvaluationCallback.WithLineSearchMinimizerArmijoCubic
[       OK ] EvaluationCallback.WithLineSearchMinimizerArmijoCubic (5 ms)
[ RUN      ] EvaluationCallback.WithLineSearchMinimizerArmijoBisection
[       OK ] EvaluationCallback.WithLineSearchMinimizerArmijoBisection (3 ms)
[ RUN      ] EvaluationCallback.WithLineSearchMinimizerArmijoQuadratic
[       OK ] EvaluationCallback.WithLineSearchMinimizerArmijoQuadratic (2 ms)
[----------] 8 tests from EvaluationCallback (22 ms total)

[----------] Global test environment tear-down
[==========] 8 tests from 1 test case ran. (22 ms total)
[  PASSED  ] 8 tests.
<end of output>
Test time =   0.03 sec
----------------------------------------------------------
Test Passed.
"evaluation_callback_test" end time: Nov 30 15:02 CET
"evaluation_callback_test" time elapsed: 00:00:00
----------------------------------------------------------

31/127 Testing: evaluator_test
31/127 Test: evaluator_test
Command: "/home/jojo/BAMapping/third_party/ceres-bin/bin/evaluator_test" "--test_srcdir" "/home/jojo/BAMapping/third_party/ceres-solver-1.14.0/data"
Directory: /home/jojo/BAMapping/third_party/ceres-bin/internal/ceres
"evaluator_test" start time: Nov 30 15:02 CET
Output:
----------------------------------------------------------
Running main() from gmock_main.cc
[==========] Running 127 tests from 2 test cases.
[----------] Global test environment set-up.
[----------] 1 test from Evaluator
[ RUN      ] Evaluator.EvaluatorRespectsParameterChanges
[       OK ] Evaluator.EvaluatorRespectsParameterChanges (1 ms)
[----------] 1 test from Evaluator (1 ms total)

[----------] 126 tests from LinearSolvers/EvaluatorTest
[ RUN      ] LinearSolvers/EvaluatorTest.SingleResidualProblem/0
[       OK ] LinearSolvers/EvaluatorTest.SingleResidualProblem/0 (0 ms)
[ RUN      ] LinearSolvers/EvaluatorTest.SingleResidualProblem/1
[       OK ] LinearSolvers/EvaluatorTest.SingleResidualProblem/1 (0 ms)
[ RUN      ] LinearSolvers/EvaluatorTest.SingleResidualProblem/2
[       OK ] LinearSolvers/EvaluatorTest.SingleResidualProblem/2 (0 ms)
[ RUN      ] LinearSolvers/EvaluatorTest.SingleResidualProblem/3
[       OK ] LinearSolvers/EvaluatorTest.SingleResidualProblem/3 (0 ms)
[ RUN      ] LinearSolvers/EvaluatorTest.SingleResidualProblem/4
[       OK ] LinearSolvers/EvaluatorTest.SingleResidualProblem/4 (0 ms)
[ RUN      ] LinearSolvers/EvaluatorTest.SingleResidualProblem/5
[       OK ] LinearSolvers/EvaluatorTest.SingleResidualProblem/5 (0 ms)
[ RUN      ] LinearSolvers/EvaluatorTest.SingleResidualProblem/6
[       OK ] LinearSolvers/EvaluatorTest.SingleResidualProblem/6 (0 ms)
[ RUN      ] LinearSolvers/EvaluatorTest.SingleResidualProblem/7
[       OK ] LinearSolvers/EvaluatorTest.SingleResidualProblem/7 (0 ms)
[ RUN      ] LinearSolvers/EvaluatorTest.SingleResidualProblem/8
[       OK ] LinearSolvers/EvaluatorTest.SingleResidualProblem/8 (0 ms)
[ RUN      ] LinearSolvers/EvaluatorTest.SingleResidualProblem/9
[       OK ] LinearSolvers/EvaluatorTest.SingleResidualProblem/9 (1 ms)
[ RUN      ] LinearSolvers/EvaluatorTest.SingleResidualProblem/10
[       OK ] LinearSolvers/EvaluatorTest.SingleResidualProblem/10 (0 ms)
[ RUN      ] LinearSolvers/EvaluatorTest.SingleResidualProblem/11
[       OK ] LinearSolvers/EvaluatorTest.SingleResidualProblem/11 (0 ms)
[ RUN      ] LinearSolvers/EvaluatorTest.SingleResidualProblem/12
[       OK ] LinearSolvers/EvaluatorTest.SingleResidualProblem/12 (0 ms)
[ RUN      ] LinearSolvers/EvaluatorTest.SingleResidualProblem/13
[       OK ] LinearSolvers/EvaluatorTest.SingleResidualProblem/13 (0 ms)
[ RUN      ] LinearSolvers/EvaluatorTest.SingleResidualProblem/14
[       OK ] LinearSolvers/EvaluatorTest.SingleResidualProblem/14 (0 ms)
[ RUN      ] LinearSolvers/EvaluatorTest.SingleResidualProblem/15
[       OK ] LinearSolvers/EvaluatorTest.SingleResidualProblem/15 (0 ms)
[ RUN      ] LinearSolvers/EvaluatorTest.SingleResidualProblem/16
[       OK ] LinearSolvers/EvaluatorTest.SingleResidualProblem/16 (0 ms)
[ RUN      ] LinearSolvers/EvaluatorTest.SingleResidualProblem/17
[       OK ] LinearSolvers/EvaluatorTest.SingleResidualProblem/17 (0 ms)
[ RUN      ] LinearSolvers/EvaluatorTest.SingleResidualProblemWithPermutedParameters/0
[       OK ] LinearSolvers/EvaluatorTest.SingleResidualProblemWithPermutedParameters/0 (0 ms)
[ RUN      ] LinearSolvers/EvaluatorTest.SingleResidualProblemWithPermutedParameters/1
[       OK ] LinearSolvers/EvaluatorTest.SingleResidualProblemWithPermutedParameters/1 (0 ms)
[ RUN      ] LinearSolvers/EvaluatorTest.SingleResidualProblemWithPermutedParameters/2
[       OK ] LinearSolvers/EvaluatorTest.SingleResidualProblemWithPermutedParameters/2 (0 ms)
[ RUN      ] LinearSolvers/EvaluatorTest.SingleResidualProblemWithPermutedParameters/3
[       OK ] LinearSolvers/EvaluatorTest.SingleResidualProblemWithPermutedParameters/3 (0 ms)
[ RUN      ] LinearSolvers/EvaluatorTest.SingleResidualProblemWithPermutedParameters/4
[       OK ] LinearSolvers/EvaluatorTest.SingleResidualProblemWithPermutedParameters/4 (0 ms)
[ RUN      ] LinearSolvers/EvaluatorTest.SingleResidualProblemWithPermutedParameters/5
[       OK ] LinearSolvers/EvaluatorTest.SingleResidualProblemWithPermutedParameters/5 (0 ms)
[ RUN      ] LinearSolvers/EvaluatorTest.SingleResidualProblemWithPermutedParameters/6
[       OK ] LinearSolvers/EvaluatorTest.SingleResidualProblemWithPermutedParameters/6 (0 ms)
[ RUN      ] LinearSolvers/EvaluatorTest.SingleResidualProblemWithPermutedParameters/7
[       OK ] LinearSolvers/EvaluatorTest.SingleResidualProblemWithPermutedParameters/7 (0 ms)
[ RUN      ] LinearSolvers/EvaluatorTest.SingleResidualProblemWithPermutedParameters/8
[       OK ] LinearSolvers/EvaluatorTest.SingleResidualProblemWithPermutedParameters/8 (0 ms)
[ RUN      ] LinearSolvers/EvaluatorTest.SingleResidualProblemWithPermutedParameters/9
[       OK ] LinearSolvers/EvaluatorTest.SingleResidualProblemWithPermutedParameters/9 (0 ms)
[ RUN      ] LinearSolvers/EvaluatorTest.SingleResidualProblemWithPermutedParameters/10
[       OK ] LinearSolvers/EvaluatorTest.SingleResidualProblemWithPermutedParameters/10 (1 ms)
[ RUN      ] LinearSolvers/EvaluatorTest.SingleResidualProblemWithPermutedParameters/11
[       OK ] LinearSolvers/EvaluatorTest.SingleResidualProblemWithPermutedParameters/11 (0 ms)
[ RUN      ] LinearSolvers/EvaluatorTest.SingleResidualProblemWithPermutedParameters/12
[       OK ] LinearSolvers/EvaluatorTest.SingleResidualProblemWithPermutedParameters/12 (0 ms)
[ RUN      ] LinearSolvers/EvaluatorTest.SingleResidualProblemWithPermutedParameters/13
[       OK ] LinearSolvers/EvaluatorTest.SingleResidualProblemWithPermutedParameters/13 (0 ms)
[ RUN      ] LinearSolvers/EvaluatorTest.SingleResidualProblemWithPermutedParameters/14
[       OK ] LinearSolvers/EvaluatorTest.SingleResidualProblemWithPermutedParameters/14 (0 ms)
[ RUN      ] LinearSolvers/EvaluatorTest.SingleResidualProblemWithPermutedParameters/15
[       OK ] LinearSolvers/EvaluatorTest.SingleResidualProblemWithPermutedParameters/15 (0 ms)
[ RUN      ] LinearSolvers/EvaluatorTest.SingleResidualProblemWithPermutedParameters/16
[       OK ] LinearSolvers/EvaluatorTest.SingleResidualProblemWithPermutedParameters/16 (0 ms)
[ RUN      ] LinearSolvers/EvaluatorTest.SingleResidualProblemWithPermutedParameters/17
[       OK ] LinearSolvers/EvaluatorTest.SingleResidualProblemWithPermutedParameters/17 (0 ms)
[ RUN      ] LinearSolvers/EvaluatorTest.SingleResidualProblemWithNuisanceParameters/0
[       OK ] LinearSolvers/EvaluatorTest.SingleResidualProblemWithNuisanceParameters/0 (0 ms)
[ RUN      ] LinearSolvers/EvaluatorTest.SingleResidualProblemWithNuisanceParameters/1
[       OK ] LinearSolvers/EvaluatorTest.SingleResidualProblemWithNuisanceParameters/1 (0 ms)
[ RUN      ] LinearSolvers/EvaluatorTest.SingleResidualProblemWithNuisanceParameters/2
[       OK ] LinearSolvers/EvaluatorTest.SingleResidualProblemWithNuisanceParameters/2 (0 ms)
[ RUN      ] LinearSolvers/EvaluatorTest.SingleResidualProblemWithNuisanceParameters/3
[       OK ] LinearSolvers/EvaluatorTest.SingleResidualProblemWithNuisanceParameters/3 (0 ms)
[ RUN      ] LinearSolvers/EvaluatorTest.SingleResidualProblemWithNuisanceParameters/4
[       OK ] LinearSolvers/EvaluatorTest.SingleResidualProblemWithNuisanceParameters/4 (0 ms)
[ RUN      ] LinearSolvers/EvaluatorTest.SingleResidualProblemWithNuisanceParameters/5
[       OK ] LinearSolvers/EvaluatorTest.SingleResidualProblemWithNuisanceParameters/5 (0 ms)
[ RUN      ] LinearSolvers/EvaluatorTest.SingleResidualProblemWithNuisanceParameters/6
[       OK ] LinearSolvers/EvaluatorTest.SingleResidualProblemWithNuisanceParameters/6 (0 ms)
[ RUN      ] LinearSolvers/EvaluatorTest.SingleResidualProblemWithNuisanceParameters/7
[       OK ] LinearSolvers/EvaluatorTest.SingleResidualProblemWithNuisanceParameters/7 (0 ms)
[ RUN      ] LinearSolvers/EvaluatorTest.SingleResidualProblemWithNuisanceParameters/8
[       OK ] LinearSolvers/EvaluatorTest.SingleResidualProblemWithNuisanceParameters/8 (0 ms)
[ RUN      ] LinearSolvers/EvaluatorTest.SingleResidualProblemWithNuisanceParameters/9
[       OK ] LinearSolvers/EvaluatorTest.SingleResidualProblemWithNuisanceParameters/9 (0 ms)
[ RUN      ] LinearSolvers/EvaluatorTest.SingleResidualProblemWithNuisanceParameters/10
[       OK ] LinearSolvers/EvaluatorTest.SingleResidualProblemWithNuisanceParameters/10 (0 ms)
[ RUN      ] LinearSolvers/EvaluatorTest.SingleResidualProblemWithNuisanceParameters/11
[       OK ] LinearSolvers/EvaluatorTest.SingleResidualProblemWithNuisanceParameters/11 (0 ms)
[ RUN      ] LinearSolvers/EvaluatorTest.SingleResidualProblemWithNuisanceParameters/12
[       OK ] LinearSolvers/EvaluatorTest.SingleResidualProblemWithNuisanceParameters/12 (0 ms)
[ RUN      ] LinearSolvers/EvaluatorTest.SingleResidualProblemWithNuisanceParameters/13
[       OK ] LinearSolvers/EvaluatorTest.SingleResidualProblemWithNuisanceParameters/13 (0 ms)
[ RUN      ] LinearSolvers/EvaluatorTest.SingleResidualProblemWithNuisanceParameters/14
[       OK ] LinearSolvers/EvaluatorTest.SingleResidualProblemWithNuisanceParameters/14 (0 ms)
[ RUN      ] LinearSolvers/EvaluatorTest.SingleResidualProblemWithNuisanceParameters/15
[       OK ] LinearSolvers/EvaluatorTest.SingleResidualProblemWithNuisanceParameters/15 (0 ms)
[ RUN      ] LinearSolvers/EvaluatorTest.SingleResidualProblemWithNuisanceParameters/16
[       OK ] LinearSolvers/EvaluatorTest.SingleResidualProblemWithNuisanceParameters/16 (0 ms)
[ RUN      ] LinearSolvers/EvaluatorTest.SingleResidualProblemWithNuisanceParameters/17
[       OK ] LinearSolvers/EvaluatorTest.SingleResidualProblemWithNuisanceParameters/17 (0 ms)
[ RUN      ] LinearSolvers/EvaluatorTest.MultipleResidualProblem/0
[       OK ] LinearSolvers/EvaluatorTest.MultipleResidualProblem/0 (0 ms)
[ RUN      ] LinearSolvers/EvaluatorTest.MultipleResidualProblem/1
[       OK ] LinearSolvers/EvaluatorTest.MultipleResidualProblem/1 (0 ms)
[ RUN      ] LinearSolvers/EvaluatorTest.MultipleResidualProblem/2
[       OK ] LinearSolvers/EvaluatorTest.MultipleResidualProblem/2 (0 ms)
[ RUN      ] LinearSolvers/EvaluatorTest.MultipleResidualProblem/3
[       OK ] LinearSolvers/EvaluatorTest.MultipleResidualProblem/3 (0 ms)
[ RUN      ] LinearSolvers/EvaluatorTest.MultipleResidualProblem/4
[       OK ] LinearSolvers/EvaluatorTest.MultipleResidualProblem/4 (0 ms)
[ RUN      ] LinearSolvers/EvaluatorTest.MultipleResidualProblem/5
[       OK ] LinearSolvers/EvaluatorTest.MultipleResidualProblem/5 (0 ms)
[ RUN      ] LinearSolvers/EvaluatorTest.MultipleResidualProblem/6
[       OK ] LinearSolvers/EvaluatorTest.MultipleResidualProblem/6 (0 ms)
[ RUN      ] LinearSolvers/EvaluatorTest.MultipleResidualProblem/7
[       OK ] LinearSolvers/EvaluatorTest.MultipleResidualProblem/7 (0 ms)
[ RUN      ] LinearSolvers/EvaluatorTest.MultipleResidualProblem/8
[       OK ] LinearSolvers/EvaluatorTest.MultipleResidualProblem/8 (0 ms)
[ RUN      ] LinearSolvers/EvaluatorTest.MultipleResidualProblem/9
[       OK ] LinearSolvers/EvaluatorTest.MultipleResidualProblem/9 (0 ms)
[ RUN      ] LinearSolvers/EvaluatorTest.MultipleResidualProblem/10
[       OK ] LinearSolvers/EvaluatorTest.MultipleResidualProblem/10 (0 ms)
[ RUN      ] LinearSolvers/EvaluatorTest.MultipleResidualProblem/11
[       OK ] LinearSolvers/EvaluatorTest.MultipleResidualProblem/11 (0 ms)
[ RUN      ] LinearSolvers/EvaluatorTest.MultipleResidualProblem/12
[       OK ] LinearSolvers/EvaluatorTest.MultipleResidualProblem/12 (0 ms)
[ RUN      ] LinearSolvers/EvaluatorTest.MultipleResidualProblem/13
[       OK ] LinearSolvers/EvaluatorTest.MultipleResidualProblem/13 (0 ms)
[ RUN      ] LinearSolvers/EvaluatorTest.MultipleResidualProblem/14
[       OK ] LinearSolvers/EvaluatorTest.MultipleResidualProblem/14 (0 ms)
[ RUN      ] LinearSolvers/EvaluatorTest.MultipleResidualProblem/15
[       OK ] LinearSolvers/EvaluatorTest.MultipleResidualProblem/15 (0 ms)
[ RUN      ] LinearSolvers/EvaluatorTest.MultipleResidualProblem/16
[       OK ] LinearSolvers/EvaluatorTest.MultipleResidualProblem/16 (0 ms)
[ RUN      ] LinearSolvers/EvaluatorTest.MultipleResidualProblem/17
[       OK ] LinearSolvers/EvaluatorTest.MultipleResidualProblem/17 (0 ms)
[ RUN      ] LinearSolvers/EvaluatorTest.MultipleResidualsWithLocalParameterizations/0
[       OK ] LinearSolvers/EvaluatorTest.MultipleResidualsWithLocalParameterizations/0 (1 ms)
[ RUN      ] LinearSolvers/EvaluatorTest.MultipleResidualsWithLocalParameterizations/1
[       OK ] LinearSolvers/EvaluatorTest.MultipleResidualsWithLocalParameterizations/1 (0 ms)
[ RUN      ] LinearSolvers/EvaluatorTest.MultipleResidualsWithLocalParameterizations/2
[       OK ] LinearSolvers/EvaluatorTest.MultipleResidualsWithLocalParameterizations/2 (0 ms)
[ RUN      ] LinearSolvers/EvaluatorTest.MultipleResidualsWithLocalParameterizations/3
[       OK ] LinearSolvers/EvaluatorTest.MultipleResidualsWithLocalParameterizations/3 (0 ms)
[ RUN      ] LinearSolvers/EvaluatorTest.MultipleResidualsWithLocalParameterizations/4
[       OK ] LinearSolvers/EvaluatorTest.MultipleResidualsWithLocalParameterizations/4 (0 ms)
[ RUN      ] LinearSolvers/EvaluatorTest.MultipleResidualsWithLocalParameterizations/5
[       OK ] LinearSolvers/EvaluatorTest.MultipleResidualsWithLocalParameterizations/5 (0 ms)
[ RUN      ] LinearSolvers/EvaluatorTest.MultipleResidualsWithLocalParameterizations/6
[       OK ] LinearSolvers/EvaluatorTest.MultipleResidualsWithLocalParameterizations/6 (0 ms)
[ RUN      ] LinearSolvers/EvaluatorTest.MultipleResidualsWithLocalParameterizations/7
[       OK ] LinearSolvers/EvaluatorTest.MultipleResidualsWithLocalParameterizations/7 (0 ms)
[ RUN      ] LinearSolvers/EvaluatorTest.MultipleResidualsWithLocalParameterizations/8
[       OK ] LinearSolvers/EvaluatorTest.MultipleResidualsWithLocalParameterizations/8 (0 ms)
[ RUN      ] LinearSolvers/EvaluatorTest.MultipleResidualsWithLocalParameterizations/9
[       OK ] LinearSolvers/EvaluatorTest.MultipleResidualsWithLocalParameterizations/9 (0 ms)
[ RUN      ] LinearSolvers/EvaluatorTest.MultipleResidualsWithLocalParameterizations/10
[       OK ] LinearSolvers/EvaluatorTest.MultipleResidualsWithLocalParameterizations/10 (0 ms)
[ RUN      ] LinearSolvers/EvaluatorTest.MultipleResidualsWithLocalParameterizations/11
[...]
Output:
----------------------------------------------------------
Running main() from gmock_main.cc
[==========] Running 1 test from 1 test case.
[----------] Global test environment set-up.
[----------] 1 test from BundleAdjustmentTest
[ RUN      ] BundleAdjustmentTest.SparseNormalCholesky_CxSparse_AutomaticOrdering_Threads
[       OK ] BundleAdjustmentTest.SparseNormalCholesky_CxSparse_AutomaticOrdering_Threads (4982 ms)
[----------] 1 test from BundleAdjustmentTest (4982 ms total)

[----------] Global test environment tear-down
[==========] 1 test from 1 test case ran. (4982 ms total)
[  PASSED  ] 1 test.
<end of output>
Test time =   5.00 sec
----------------------------------------------------------
Test Passed.
"ba_sparsecholesky_cxsparse_auto_threads_test" end time: Nov 30 15:04 CET
"ba_sparsecholesky_cxsparse_auto_threads_test" time elapsed: 00:00:04
----------------------------------------------------------

114/127 Testing: ba_sparsecholesky_cxsparse_user_test
114/127 Test: ba_sparsecholesky_cxsparse_user_test
Command: "/home/jojo/BAMapping/third_party/ceres-bin/bin/ba_sparsecholesky_cxsparse_user_test" "--test_srcdir" "/home/jojo/BAMapping/third_party/ceres-solver-1.14.0/data"
Directory: /home/jojo/BAMapping/third_party/ceres-bin/internal/ceres/generated_bundle_adjustment_tests
"ba_sparsecholesky_cxsparse_user_test" start time: Nov 30 15:04 CET
Output:
----------------------------------------------------------
Running main() from gmock_main.cc
[==========] Running 1 test from 1 test case.
[----------] Global test environment set-up.
[----------] 1 test from BundleAdjustmentTest
[ RUN      ] BundleAdjustmentTest.SparseNormalCholesky_CxSparse_UserOrdering
[       OK ] BundleAdjustmentTest.SparseNormalCholesky_CxSparse_UserOrdering (5227 ms)
[----------] 1 test from BundleAdjustmentTest (5227 ms total)

[----------] Global test environment tear-down
[==========] 1 test from 1 test case ran. (5227 ms total)
[  PASSED  ] 1 test.
<end of output>
Test time =   5.24 sec
----------------------------------------------------------
Test Passed.
"ba_sparsecholesky_cxsparse_user_test" end time: Nov 30 15:05 CET
"ba_sparsecholesky_cxsparse_user_test" time elapsed: 00:00:05
----------------------------------------------------------

115/127 Testing: ba_sparsecholesky_cxsparse_user_threads_test
115/127 Test: ba_sparsecholesky_cxsparse_user_threads_test
Command: "/home/jojo/BAMapping/third_party/ceres-bin/bin/ba_sparsecholesky_cxsparse_user_threads_test" "--test_srcdir" "/home/jojo/BAMapping/third_party/ceres-solver-1.14.0/data"
Directory: /home/jojo/BAMapping/third_party/ceres-bin/internal/ceres/generated_bundle_adjustment_tests
"ba_sparsecholesky_cxsparse_user_threads_test" start time: Nov 30 15:05 CET
Output:
----------------------------------------------------------
Running main() from gmock_main.cc
[==========] Running 1 test from 1 test case.
[----------] Global test environment set-up.
[----------] 1 test from BundleAdjustmentTest
[ RUN      ] BundleAdjustmentTest.SparseNormalCholesky_CxSparse_UserOrdering_Threads
[       OK ] BundleAdjustmentTest.SparseNormalCholesky_CxSparse_UserOrdering_Threads (5050 ms)
[----------] 1 test from BundleAdjustmentTest (5050 ms total)

[----------] Global test environment tear-down
[==========] 1 test from 1 test case ran. (5050 ms total)
[  PASSED  ] 1 test.
<end of output>
Test time =   5.06 sec
----------------------------------------------------------
Test Passed.
"ba_sparsecholesky_cxsparse_user_threads_test" end time: Nov 30 15:05 CET
"ba_sparsecholesky_cxsparse_user_threads_test" time elapsed: 00:00:05
----------------------------------------------------------

116/127 Testing: ba_sparseschur_suitesparse_auto_test
116/127 Test: ba_sparseschur_suitesparse_auto_test
Command: "/home/jojo/BAMapping/third_party/ceres-bin/bin/ba_sparseschur_suitesparse_auto_test" "--test_srcdir" "/home/jojo/BAMapping/third_party/ceres-solver-1.14.0/data"
Directory: /home/jojo/BAMapping/third_party/ceres-bin/internal/ceres/generated_bundle_adjustment_tests
"ba_sparseschur_suitesparse_auto_test" start time: Nov 30 15:05 CET
Output:
----------------------------------------------------------
Running main() from gmock_main.cc
[==========] Running 1 test from 1 test case.
[----------] Global test environment set-up.
[----------] 1 test from BundleAdjustmentTest
[ RUN      ] BundleAdjustmentTest.SparseSchur_SuiteSparse_AutomaticOrdering
[       OK ] BundleAdjustmentTest.SparseSchur_SuiteSparse_AutomaticOrdering (3671 ms)
[----------] 1 test from BundleAdjustmentTest (3671 ms total)

[----------] Global test environment tear-down
[==========] 1 test from 1 test case ran. (3671 ms total)
[  PASSED  ] 1 test.
<end of output>
Test time =   3.69 sec
----------------------------------------------------------
Test Passed.
"ba_sparseschur_suitesparse_auto_test" end time: Nov 30 15:05 CET
"ba_sparseschur_suitesparse_auto_test" time elapsed: 00:00:03
----------------------------------------------------------

117/127 Testing: ba_sparseschur_suitesparse_auto_threads_test
117/127 Test: ba_sparseschur_suitesparse_auto_threads_test
Command: "/home/jojo/BAMapping/third_party/ceres-bin/bin/ba_sparseschur_suitesparse_auto_threads_test" "--test_srcdir" "/home/jojo/BAMapping/third_party/ceres-solver-1.14.0/data"
Directory: /home/jojo/BAMapping/third_party/ceres-bin/internal/ceres/generated_bundle_adjustment_tests
"ba_sparseschur_suitesparse_auto_threads_test" start time: Nov 30 15:05 CET
Output:
----------------------------------------------------------
Running main() from gmock_main.cc
[==========] Running 1 test from 1 test case.
[----------] Global test environment set-up.
[----------] 1 test from BundleAdjustmentTest
[ RUN      ] BundleAdjustmentTest.SparseSchur_SuiteSparse_AutomaticOrdering_Threads
[       OK ] BundleAdjustmentTest.SparseSchur_SuiteSparse_AutomaticOrdering_Threads (3235 ms)
[----------] 1 test from BundleAdjustmentTest (3235 ms total)

[----------] Global test environment tear-down
[==========] 1 test from 1 test case ran. (3235 ms total)
[  PASSED  ] 1 test.
<end of output>
Test time =   3.25 sec
----------------------------------------------------------
Test Passed.
"ba_sparseschur_suitesparse_auto_threads_test" end time: Nov 30 15:05 CET
"ba_sparseschur_suitesparse_auto_threads_test" time elapsed: 00:00:03
----------------------------------------------------------

118/127 Testing: ba_sparseschur_suitesparse_user_test
118/127 Test: ba_sparseschur_suitesparse_user_test
Command: "/home/jojo/BAMapping/third_party/ceres-bin/bin/ba_sparseschur_suitesparse_user_test" "--test_srcdir" "/home/jojo/BAMapping/third_party/ceres-solver-1.14.0/data"
Directory: /home/jojo/BAMapping/third_party/ceres-bin/internal/ceres/generated_bundle_adjustment_tests
"ba_sparseschur_suitesparse_user_test" start time: Nov 30 15:05 CET
Output:
----------------------------------------------------------
Running main() from gmock_main.cc
[==========] Running 1 test from 1 test case.
[----------] Global test environment set-up.
[----------] 1 test from BundleAdjustmentTest
[ RUN      ] BundleAdjustmentTest.SparseSchur_SuiteSparse_UserOrdering
[       OK ] BundleAdjustmentTest.SparseSchur_SuiteSparse_UserOrdering (3897 ms)
[----------] 1 test from BundleAdjustmentTest (3897 ms total)

[----------] Global test environment tear-down
[==========] 1 test from 1 test case ran. (3897 ms total)
[  PASSED  ] 1 test.
<end of output>
Test time =   3.91 sec
----------------------------------------------------------
Test Passed.
"ba_sparseschur_suitesparse_user_test" end time: Nov 30 15:05 CET
"ba_sparseschur_suitesparse_user_test" time elapsed: 00:00:03
----------------------------------------------------------

119/127 Testing: ba_sparseschur_suitesparse_user_threads_test
119/127 Test: ba_sparseschur_suitesparse_user_threads_test
Command: "/home/jojo/BAMapping/third_party/ceres-bin/bin/ba_sparseschur_suitesparse_user_threads_test" "--test_srcdir" "/home/jojo/BAMapping/third_party/ceres-solver-1.14.0/data"
Directory: /home/jojo/BAMapping/third_party/ceres-bin/internal/ceres/generated_bundle_adjustment_tests
"ba_sparseschur_suitesparse_user_threads_test" start time: Nov 30 15:05 CET
Output:
----------------------------------------------------------
Running main() from gmock_main.cc
[==========] Running 1 test from 1 test case.
[----------] Global test environment set-up.
[----------] 1 test from BundleAdjustmentTest
[ RUN      ] BundleAdjustmentTest.SparseSchur_SuiteSparse_UserOrdering_Threads
[       OK ] BundleAdjustmentTest.SparseSchur_SuiteSparse_UserOrdering_Threads (3187 ms)
[----------] 1 test from BundleAdjustmentTest (3187 ms total)

[----------] Global test environment tear-down
[==========] 1 test from 1 test case ran. (3187 ms total)
[  PASSED  ] 1 test.
<end of output>
Test time =   3.20 sec
----------------------------------------------------------
Test Passed.
"ba_sparseschur_suitesparse_user_threads_test" end time: Nov 30 15:05 CET
"ba_sparseschur_suitesparse_user_threads_test" time elapsed: 00:00:03
----------------------------------------------------------

120/127 Testing: ba_sparseschur_eigensparse_auto_test
120/127 Test: ba_sparseschur_eigensparse_auto_test
Command: "/home/jojo/BAMapping/third_party/ceres-bin/bin/ba_sparseschur_eigensparse_auto_test" "--test_srcdir" "/home/jojo/BAMapping/third_party/ceres-solver-1.14.0/data"
Directory: /home/jojo/BAMapping/third_party/ceres-bin/internal/ceres/generated_bundle_adjustment_tests
"ba_sparseschur_eigensparse_auto_test" start time: Nov 30 15:05 CET
Output:
----------------------------------------------------------
Running main() from gmock_main.cc
[==========] Running 1 test from 1 test case.
[----------] Global test environment set-up.
[----------] 1 test from BundleAdjustmentTest
[ RUN      ] BundleAdjustmentTest.SparseSchur_EigenSparse_AutomaticOrdering
[       OK ] BundleAdjustmentTest.SparseSchur_EigenSparse_AutomaticOrdering (3809 ms)
[----------] 1 test from BundleAdjustmentTest (3809 ms total)

[----------] Global test environment tear-down
[==========] 1 test from 1 test case ran. (3809 ms total)
[  PASSED  ] 1 test.
<end of output>
Test time =   3.82 sec
----------------------------------------------------------
Test Passed.
"ba_sparseschur_eigensparse_auto_test" end time: Nov 30 15:05 CET
"ba_sparseschur_eigensparse_auto_test" time elapsed: 00:00:03
----------------------------------------------------------

121/127 Testing: ba_sparseschur_eigensparse_auto_threads_test
121/127 Test: ba_sparseschur_eigensparse_auto_threads_test
Command: "/home/jojo/BAMapping/third_party/ceres-bin/bin/ba_sparseschur_eigensparse_auto_threads_test" "--test_srcdir" "/home/jojo/BAMapping/third_party/ceres-solver-1.14.0/data"
Directory: /home/jojo/BAMapping/third_party/ceres-bin/internal/ceres/generated_bundle_adjustment_tests
"ba_sparseschur_eigensparse_auto_threads_test" start time: Nov 30 15:05 CET
Output:
----------------------------------------------------------
Running main() from gmock_main.cc
[==========] Running 1 test from 1 test case.
[----------] Global test environment set-up.
[----------] 1 test from BundleAdjustmentTest
[ RUN      ] BundleAdjustmentTest.SparseSchur_EigenSparse_AutomaticOrdering_Threads
[       OK ] BundleAdjustmentTest.SparseSchur_EigenSparse_AutomaticOrdering_Threads (3337 ms)
[----------] 1 test from BundleAdjustmentTest (3337 ms total)

[----------] Global test environment tear-down
[==========] 1 test from 1 test case ran. (3337 ms total)
[  PASSED  ] 1 test.
<end of output>
Test time =   3.35 sec
----------------------------------------------------------
Test Passed.
"ba_sparseschur_eigensparse_auto_threads_test" end time: Nov 30 15:05 CET
"ba_sparseschur_eigensparse_auto_threads_test" time elapsed: 00:00:03
----------------------------------------------------------

122/127 Testing: ba_sparseschur_eigensparse_user_test
122/127 Test: ba_sparseschur_eigensparse_user_test
Command: "/home/jojo/BAMapping/third_party/ceres-bin/bin/ba_sparseschur_eigensparse_user_test" "--test_srcdir" "/home/jojo/BAMapping/third_party/ceres-solver-1.14.0/data"
Directory: /home/jojo/BAMapping/third_party/ceres-bin/internal/ceres/generated_bundle_adjustment_tests
"ba_sparseschur_eigensparse_user_test" start time: Nov 30 15:05 CET
Output:
----------------------------------------------------------
Running main() from gmock_main.cc
[==========] Running 1 test from 1 test case.
[----------] Global test environment set-up.
[----------] 1 test from BundleAdjustmentTest
[ RUN      ] BundleAdjustmentTest.SparseSchur_EigenSparse_UserOrdering
[       OK ] BundleAdjustmentTest.SparseSchur_EigenSparse_UserOrdering (3399 ms)
[----------] 1 test from BundleAdjustmentTest (3399 ms total)

[----------] Global test environment tear-down
[==========] 1 test from 1 test case ran. (3399 ms total)
[  PASSED  ] 1 test.
<end of output>
Test time =   3.41 sec
----------------------------------------------------------
Test Passed.
"ba_sparseschur_eigensparse_user_test" end time: Nov 30 15:05 CET
"ba_sparseschur_eigensparse_user_test" time elapsed: 00:00:03
----------------------------------------------------------

123/127 Testing: ba_sparseschur_eigensparse_user_threads_test
123/127 Test: ba_sparseschur_eigensparse_user_threads_test
Command: "/home/jojo/BAMapping/third_party/ceres-bin/bin/ba_sparseschur_eigensparse_user_threads_test" "--test_srcdir" "/home/jojo/BAMapping/third_party/ceres-solver-1.14.0/data"
Directory: /home/jojo/BAMapping/third_party/ceres-bin/internal/ceres/generated_bundle_adjustment_tests
"ba_sparseschur_eigensparse_user_threads_test" start time: Nov 30 15:05 CET
Output:
----------------------------------------------------------
Running main() from gmock_main.cc
[==========] Running 1 test from 1 test case.
[----------] Global test environment set-up.
[----------] 1 test from BundleAdjustmentTest
[ RUN      ] BundleAdjustmentTest.SparseSchur_EigenSparse_UserOrdering_Threads
[       OK ] BundleAdjustmentTest.SparseSchur_EigenSparse_UserOrdering_Threads (2922 ms)
[----------] 1 test from BundleAdjustmentTest (2922 ms total)

[----------] Global test environment tear-down
[==========] 1 test from 1 test case ran. (2922 ms total)
[  PASSED  ] 1 test.
<end of output>
Test time =   2.94 sec
----------------------------------------------------------
Test Passed.
"ba_sparseschur_eigensparse_user_threads_test" end time: Nov 30 15:05 CET
"ba_sparseschur_eigensparse_user_threads_test" time elapsed: 00:00:02
----------------------------------------------------------

124/127 Testing: ba_sparseschur_cxsparse_auto_test
124/127 Test: ba_sparseschur_cxsparse_auto_test
Command: "/home/jojo/BAMapping/third_party/ceres-bin/bin/ba_sparseschur_cxsparse_auto_test" "--test_srcdir" "/home/jojo/BAMapping/third_party/ceres-solver-1.14.0/data"
Directory: /home/jojo/BAMapping/third_party/ceres-bin/internal/ceres/generated_bundle_adjustment_tests
"ba_sparseschur_cxsparse_auto_test" start time: Nov 30 15:05 CET
Output:
----------------------------------------------------------
Running main() from gmock_main.cc
[==========] Running 1 test from 1 test case.
[----------] Global test environment set-up.
[----------] 1 test from BundleAdjustmentTest
[ RUN      ] BundleAdjustmentTest.SparseSchur_CxSparse_AutomaticOrdering
[       OK ] BundleAdjustmentTest.SparseSchur_CxSparse_AutomaticOrdering (3460 ms)
[----------] 1 test from BundleAdjustmentTest (3460 ms total)

[----------] Global test environment tear-down
[==========] 1 test from 1 test case ran. (3460 ms total)
[  PASSED  ] 1 test.
<end of output>
Test time =   3.47 sec
----------------------------------------------------------
Test Passed.
"ba_sparseschur_cxsparse_auto_test" end time: Nov 30 15:05 CET
"ba_sparseschur_cxsparse_auto_test" time elapsed: 00:00:03
----------------------------------------------------------

125/127 Testing: ba_sparseschur_cxsparse_auto_threads_test
125/127 Test: ba_sparseschur_cxsparse_auto_threads_test
Command: "/home/jojo/BAMapping/third_party/ceres-bin/bin/ba_sparseschur_cxsparse_auto_threads_test" "--test_srcdir" "/home/jojo/BAMapping/third_party/ceres-solver-1.14.0/data"
Directory: /home/jojo/BAMapping/third_party/ceres-bin/internal/ceres/generated_bundle_adjustment_tests
"ba_sparseschur_cxsparse_auto_threads_test" start time: Nov 30 15:05 CET
Output:
----------------------------------------------------------
Running main() from gmock_main.cc
[==========] Running 1 test from 1 test case.
[----------] Global test environment set-up.
[----------] 1 test from BundleAdjustmentTest
[ RUN      ] BundleAdjustmentTest.SparseSchur_CxSparse_AutomaticOrdering_Threads
[       OK ] BundleAdjustmentTest.SparseSchur_CxSparse_AutomaticOrdering_Threads (3064 ms)
[----------] 1 test from BundleAdjustmentTest (3064 ms total)

[----------] Global test environment tear-down
[==========] 1 test from 1 test case ran. (3064 ms total)
[  PASSED  ] 1 test.
<end of output>
Test time =   3.08 sec
----------------------------------------------------------
Test Passed.
"ba_sparseschur_cxsparse_auto_threads_test" end time: Nov 30 15:05 CET
"ba_sparseschur_cxsparse_auto_threads_test" time elapsed: 00:00:03
----------------------------------------------------------

126/127 Testing: ba_sparseschur_cxsparse_user_test
126/127 Test: ba_sparseschur_cxsparse_user_test
Command: "/home/jojo/BAMapping/third_party/ceres-bin/bin/ba_sparseschur_cxsparse_user_test" "--test_srcdir" "/home/jojo/BAMapping/third_party/ceres-solver-1.14.0/data"
Directory: /home/jojo/BAMapping/third_party/ceres-bin/internal/ceres/generated_bundle_adjustment_tests
"ba_sparseschur_cxsparse_user_test" start time: Nov 30 15:05 CET
Output:
----------------------------------------------------------
Running main() from gmock_main.cc
[==========] Running 1 test from 1 test case.
[----------] Global test environment set-up.
[----------] 1 test from BundleAdjustmentTest
[ RUN      ] BundleAdjustmentTest.SparseSchur_CxSparse_UserOrdering
[       OK ] BundleAdjustmentTest.SparseSchur_CxSparse_UserOrdering (3371 ms)
[----------] 1 test from BundleAdjustmentTest (3371 ms total)

[----------] Global test environment tear-down
[==========] 1 test from 1 test case ran. (3371 ms total)
[  PASSED  ] 1 test.
<end of output>
Test time =   3.38 sec
----------------------------------------------------------
Test Passed.
"ba_sparseschur_cxsparse_user_test" end time: Nov 30 15:05 CET
"ba_sparseschur_cxsparse_user_test" time elapsed: 00:00:03
----------------------------------------------------------

127/127 Testing: ba_sparseschur_cxsparse_user_threads_test
127/127 Test: ba_sparseschur_cxsparse_user_threads_test
Command: "/home/jojo/BAMapping/third_party/ceres-bin/bin/ba_sparseschur_cxsparse_user_threads_test" "--test_srcdir" "/home/jojo/BAMapping/third_party/ceres-solver-1.14.0/data"
Directory: /home/jojo/BAMapping/third_party/ceres-bin/internal/ceres/generated_bundle_adjustment_tests
"ba_sparseschur_cxsparse_user_threads_test" start time: Nov 30 15:05 CET
Output:
----------------------------------------------------------
Running main() from gmock_main.cc
[==========] Running 1 test from 1 test case.
[----------] Global test environment set-up.
[----------] 1 test from BundleAdjustmentTest
[ RUN      ] BundleAdjustmentTest.SparseSchur_CxSparse_UserOrdering_Threads
[       OK ] BundleAdjustmentTest.SparseSchur_CxSparse_UserOrdering_Threads (2892 ms)
[----------] 1 test from BundleAdjustmentTest (2892 ms total)

[----------] Global test environment tear-down
[==========] 1 test from 1 test case ran. (2892 ms total)
[  PASSED  ] 1 test.
<end of output>
Test time =   2.91 sec
----------------------------------------------------------
Test Passed.
"ba_sparseschur_cxsparse_user_threads_test" end time: Nov 30 15:05 CET
"ba_sparseschur_cxsparse_user_threads_test" time elapsed: 00:00:02
----------------------------------------------------------

End testing: Nov 30 15:05 CET
